Command line invocation:
    /Applications/Xcode.app/Contents/Developer/usr/bin/xcodebuild -scheme Warden -destination platform=macOS build

Resolve Package Graph


Resolved source packages:
  cmark-gfm: https://github.com/swiftlang/swift-cmark.git @ 0.6.0
  Sparkle: https://github.com/sparkle-project/Sparkle @ 2.6.4
  swift-markdown: https://github.com/swiftlang/swift-markdown @ 0.6.0
  OmenTextField: https://github.com/Renset/OmenTextField @ main (4e07709)
  Highlightr: https://github.com/raspu/Highlightr @ master (bcf2d05)
  KeychainAccess: https://github.com/kishikawakatsumi/KeychainAccess @ master (e0c7eeb)
  SwiftMath: https://github.com/mgriebling/SwiftMath @ 1.7.1
  AttributedText: https://github.com/gonzalezreal/AttributedText @ 1.0.1

--- xcodebuild: WARNING: Using the first of multiple matching destinations:
{ platform:macOS, arch:arm64, id:00008103-0016395036D1001E, name:My Mac }
{ platform:macOS, arch:x86_64, id:00008103-0016395036D1001E, name:My Mac }
ComputePackagePrebuildTargetDependencyGraph

Prepare packages

CreateBuildRequest

SendProjectDescription

CreateBuildOperation

ComputeTargetDependencyGraph
note: Building targets in dependency order
note: Target dependency graph (21 targets)
    Target 'Warden' in project 'Warden'
        ➜ Explicit dependency on target 'Highlightr' in project 'Highlightr'
        ➜ Explicit dependency on target 'OmenTextField' in project 'OmenTextField'
        ➜ Explicit dependency on target 'KeychainAccess' in project 'KeychainAccess'
        ➜ Explicit dependency on target 'Markdown' in project 'swift-markdown'
        ➜ Explicit dependency on target 'SwiftMath' in project 'SwiftMath'
        ➜ Explicit dependency on target 'Sparkle' in project 'Sparkle'
        ➜ Explicit dependency on target 'AttributedText' in project 'AttributedText'
    Target 'AttributedText' in project 'AttributedText'
        ➜ Explicit dependency on target 'AttributedText' in project 'AttributedText'
    Target 'AttributedText' in project 'AttributedText' (no dependencies)
    Target 'Sparkle' in project 'Sparkle' (no dependencies)
    Target 'SwiftMath' in project 'SwiftMath'
        ➜ Explicit dependency on target 'SwiftMath' in project 'SwiftMath'
        ➜ Explicit dependency on target 'SwiftMath_SwiftMath' in project 'SwiftMath'
    Target 'SwiftMath' in project 'SwiftMath'
        ➜ Explicit dependency on target 'SwiftMath_SwiftMath' in project 'SwiftMath'
    Target 'SwiftMath_SwiftMath' in project 'SwiftMath' (no dependencies)
    Target 'Markdown' in project 'swift-markdown'
        ➜ Explicit dependency on target 'Markdown' in project 'swift-markdown'
        ➜ Explicit dependency on target 'CAtomic' in project 'swift-markdown'
        ➜ Explicit dependency on target 'cmark-gfm' in project 'cmark-gfm'
        ➜ Explicit dependency on target 'cmark-gfm-extensions' in project 'cmark-gfm'
    Target 'Markdown' in project 'swift-markdown'
        ➜ Explicit dependency on target 'CAtomic' in project 'swift-markdown'
        ➜ Explicit dependency on target 'cmark-gfm' in project 'cmark-gfm'
        ➜ Explicit dependency on target 'cmark-gfm-extensions' in project 'cmark-gfm'
    Target 'cmark-gfm-extensions' in project 'cmark-gfm'
        ➜ Explicit dependency on target 'cmark-gfm-extensions' in project 'cmark-gfm'
        ➜ Explicit dependency on target 'cmark-gfm' in project 'cmark-gfm'
    Target 'cmark-gfm-extensions' in project 'cmark-gfm'
        ➜ Explicit dependency on target 'cmark-gfm' in project 'cmark-gfm'
    Target 'cmark-gfm' in project 'cmark-gfm'
        ➜ Explicit dependency on target 'cmark-gfm' in project 'cmark-gfm'
    Target 'cmark-gfm' in project 'cmark-gfm' (no dependencies)
    Target 'CAtomic' in project 'swift-markdown' (no dependencies)
    Target 'KeychainAccess' in project 'KeychainAccess'
        ➜ Explicit dependency on target 'KeychainAccess' in project 'KeychainAccess'
    Target 'KeychainAccess' in project 'KeychainAccess' (no dependencies)
    Target 'OmenTextField' in project 'OmenTextField'
        ➜ Explicit dependency on target 'OmenTextField' in project 'OmenTextField'
    Target 'OmenTextField' in project 'OmenTextField' (no dependencies)
    Target 'Highlightr' in project 'Highlightr'
        ➜ Explicit dependency on target 'Highlightr' in project 'Highlightr'
        ➜ Explicit dependency on target 'Highlightr_Highlightr' in project 'Highlightr'
    Target 'Highlightr' in project 'Highlightr'
        ➜ Explicit dependency on target 'Highlightr_Highlightr' in project 'Highlightr'
    Target 'Highlightr_Highlightr' in project 'Highlightr' (no dependencies)

GatherProvisioningInputs

CreateBuildDescription

ExecuteExternalTool /Applications/Xcode.app/Contents/Developer/Toolchains/XcodeDefault.xctoolchain/usr/bin/swiftc --version

ExecuteExternalTool /Applications/Xcode.app/Contents/Developer/Toolchains/XcodeDefault.xctoolchain/usr/bin/clang -v -E -dM -arch arm64 -isysroot /Applications/Xcode.app/Contents/Developer/Platforms/MacOSX.platform/Developer/SDKs/MacOSX26.1.sdk -x c -c /dev/null

ExecuteExternalTool /Applications/Xcode.app/Contents/Developer/Toolchains/XcodeDefault.xctoolchain/usr/bin/clang -v -E -dM -isysroot /Applications/Xcode.app/Contents/Developer/Platforms/MacOSX.platform/Developer/SDKs/MacOSX26.1.sdk -x c -c /dev/null

ExecuteExternalTool /Applications/Xcode.app/Contents/Developer/usr/bin/momc --dry-run --action generate --swift-version 5.0 --sdkroot /Applications/Xcode.app/Contents/Developer/Platforms/MacOSX.platform/Developer/SDKs/MacOSX26.1.sdk --macosx-deployment-target 15.0 --module Warden /Users/karatsidhu/Developer/WardenApp/Warden/Store/wardenDataModel.xcdatamodeld /Users/karatsidhu/Library/Developer/Xcode/DerivedData/Warden-egfgtvcdgemxbigyyqzfhhhpjiff/Build/Intermediates.noindex/Warden.build/Debug/Warden.build/DerivedSources/CoreDataGenerated/wardenDataModel

ExecuteExternalTool /Applications/Xcode.app/Contents/Developer/usr/bin/actool --version --output-format xml1

ExecuteExternalTool /Applications/Xcode.app/Contents/Developer/Toolchains/XcodeDefault.xctoolchain/usr/bin/ld -version_details

ReadFileContents /Applications/Xcode.app/Contents/Developer/Toolchains/XcodeDefault.xctoolchain/usr/share/docc/features.json

Build description signature: 611180ba7a0dbab1764fc5fafa5f55d0
Build description path: /Users/karatsidhu/Library/Developer/Xcode/DerivedData/Warden-egfgtvcdgemxbigyyqzfhhhpjiff/Build/Intermediates.noindex/XCBuildData/611180ba7a0dbab1764fc5fafa5f55d0.xcbuilddata
ClangStatCache /Applications/Xcode.app/Contents/Developer/Toolchains/XcodeDefault.xctoolchain/usr/bin/clang-stat-cache /Applications/Xcode.app/Contents/Developer/Platforms/MacOSX.platform/Developer/SDKs/MacOSX26.1.sdk /Users/karatsidhu/Library/Developer/Xcode/DerivedData/SDKStatCaches.noindex/macosx26.1-25B74-3ae1261907bdadc328169391a47051a6.sdkstatcache
    cd /Users/karatsidhu/Developer/WardenApp/Warden.xcodeproj
    /Applications/Xcode.app/Contents/Developer/Toolchains/XcodeDefault.xctoolchain/usr/bin/clang-stat-cache /Applications/Xcode.app/Contents/Developer/Platforms/MacOSX.platform/Developer/SDKs/MacOSX26.1.sdk -o /Users/karatsidhu/Library/Developer/Xcode/DerivedData/SDKStatCaches.noindex/macosx26.1-25B74-3ae1261907bdadc328169391a47051a6.sdkstatcache

Ld /Users/karatsidhu/Library/Developer/Xcode/DerivedData/Warden-egfgtvcdgemxbigyyqzfhhhpjiff/Build/Products/Debug/cmark-gfm.o normal (in target 'cmark-gfm' from project 'cmark-gfm')
    cd /Users/karatsidhu/Library/Developer/Xcode/DerivedData/Warden-egfgtvcdgemxbigyyqzfhhhpjiff/SourcePackages/checkouts/swift-cmark
    /Applications/Xcode.app/Contents/Developer/Toolchains/XcodeDefault.xctoolchain/usr/bin/clang -Xlinker -reproducible -target arm64-apple-macos10.13 -r -isysroot /Applications/Xcode.app/Contents/Developer/Platforms/MacOSX.platform/Developer/SDKs/MacOSX26.1.sdk -O0 -w -L/Users/karatsidhu/Library/Developer/Xcode/DerivedData/Warden-egfgtvcdgemxbigyyqzfhhhpjiff/Build/Intermediates.noindex/EagerLinkingTBDs/Debug -L/Users/karatsidhu/Library/Developer/Xcode/DerivedData/Warden-egfgtvcdgemxbigyyqzfhhhpjiff/Build/Products/Debug -L/Applications/Xcode.app/Contents/Developer/Platforms/MacOSX.platform/Developer/usr/lib -F/Users/karatsidhu/Library/Developer/Xcode/DerivedData/Warden-egfgtvcdgemxbigyyqzfhhhpjiff/Build/Intermediates.noindex/EagerLinkingTBDs/Debug -F/Users/karatsidhu/Library/Developer/Xcode/DerivedData/Warden-egfgtvcdgemxbigyyqzfhhhpjiff/Build/Products/Debug -iframework /Applications/Xcode.app/Contents/Developer/Platforms/MacOSX.platform/Developer/Library/Frameworks -filelist /Users/karatsidhu/Library/Developer/Xcode/DerivedData/Warden-egfgtvcdgemxbigyyqzfhhhpjiff/Build/Intermediates.noindex/cmark-gfm.build/Debug/cmark-gfm.build/Objects-normal/arm64/cmark-gfm.LinkFileList -nostdlib -Xlinker -object_path_lto -Xlinker /Users/karatsidhu/Library/Developer/Xcode/DerivedData/Warden-egfgtvcdgemxbigyyqzfhhhpjiff/Build/Intermediates.noindex/cmark-gfm.build/Debug/cmark-gfm.build/Objects-normal/arm64/cmark-gfm_lto.o -rdynamic -Xlinker -no_deduplicate -Xlinker -debug_variant -Xlinker -dependency_info -Xlinker /Users/karatsidhu/Library/Developer/Xcode/DerivedData/Warden-egfgtvcdgemxbigyyqzfhhhpjiff/Build/Intermediates.noindex/cmark-gfm.build/Debug/cmark-gfm.build/Objects-normal/arm64/cmark-gfm_dependency_info.dat -o /Users/karatsidhu/Library/Developer/Xcode/DerivedData/Warden-egfgtvcdgemxbigyyqzfhhhpjiff/Build/Products/Debug/cmark-gfm.o

Ld /Users/karatsidhu/Library/Developer/Xcode/DerivedData/Warden-egfgtvcdgemxbigyyqzfhhhpjiff/Build/Products/Debug/KeychainAccess.o normal (in target 'KeychainAccess' from project 'KeychainAccess')
    cd /Users/karatsidhu/Library/Developer/Xcode/DerivedData/Warden-egfgtvcdgemxbigyyqzfhhhpjiff/SourcePackages/checkouts/KeychainAccess
    /Applications/Xcode.app/Contents/Developer/Toolchains/XcodeDefault.xctoolchain/usr/bin/clang -Xlinker -reproducible -target arm64-apple-macos10.13 -r -isysroot /Applications/Xcode.app/Contents/Developer/Platforms/MacOSX.platform/Developer/SDKs/MacOSX26.1.sdk -O0 -w -L/Users/karatsidhu/Library/Developer/Xcode/DerivedData/Warden-egfgtvcdgemxbigyyqzfhhhpjiff/Build/Intermediates.noindex/EagerLinkingTBDs/Debug -L/Users/karatsidhu/Library/Developer/Xcode/DerivedData/Warden-egfgtvcdgemxbigyyqzfhhhpjiff/Build/Products/Debug -L/Applications/Xcode.app/Contents/Developer/Platforms/MacOSX.platform/Developer/usr/lib -F/Users/karatsidhu/Library/Developer/Xcode/DerivedData/Warden-egfgtvcdgemxbigyyqzfhhhpjiff/Build/Intermediates.noindex/EagerLinkingTBDs/Debug -F/Users/karatsidhu/Library/Developer/Xcode/DerivedData/Warden-egfgtvcdgemxbigyyqzfhhhpjiff/Build/Products/Debug -iframework /Applications/Xcode.app/Contents/Developer/Platforms/MacOSX.platform/Developer/Library/Frameworks -filelist /Users/karatsidhu/Library/Developer/Xcode/DerivedData/Warden-egfgtvcdgemxbigyyqzfhhhpjiff/Build/Intermediates.noindex/KeychainAccess.build/Debug/KeychainAccess.build/Objects-normal/arm64/KeychainAccess.LinkFileList -nostdlib -Xlinker -object_path_lto -Xlinker /Users/karatsidhu/Library/Developer/Xcode/DerivedData/Warden-egfgtvcdgemxbigyyqzfhhhpjiff/Build/Intermediates.noindex/KeychainAccess.build/Debug/KeychainAccess.build/Objects-normal/arm64/KeychainAccess_lto.o -rdynamic -Xlinker -no_deduplicate -Xlinker -debug_variant -Xlinker -dependency_info -Xlinker /Users/karatsidhu/Library/Developer/Xcode/DerivedData/Warden-egfgtvcdgemxbigyyqzfhhhpjiff/Build/Intermediates.noindex/KeychainAccess.build/Debug/KeychainAccess.build/Objects-normal/arm64/KeychainAccess_dependency_info.dat -fobjc-link-runtime -L/Applications/Xcode.app/Contents/Developer/Toolchains/XcodeDefault.xctoolchain/usr/lib/swift/macosx -L/usr/lib/swift -Xlinker -add_ast_path -Xlinker /Users/karatsidhu/Library/Developer/Xcode/DerivedData/Warden-egfgtvcdgemxbigyyqzfhhhpjiff/Build/Intermediates.noindex/KeychainAccess.build/Debug/KeychainAccess.build/Objects-normal/arm64/KeychainAccess.swiftmodule @/Users/karatsidhu/Library/Developer/Xcode/DerivedData/Warden-egfgtvcdgemxbigyyqzfhhhpjiff/Build/Intermediates.noindex/KeychainAccess.build/Debug/KeychainAccess.build/Objects-normal/arm64/KeychainAccess-linker-args.resp -o /Users/karatsidhu/Library/Developer/Xcode/DerivedData/Warden-egfgtvcdgemxbigyyqzfhhhpjiff/Build/Products/Debug/KeychainAccess.o

Ld /Users/karatsidhu/Library/Developer/Xcode/DerivedData/Warden-egfgtvcdgemxbigyyqzfhhhpjiff/Build/Products/Debug/CAtomic.o normal (in target 'CAtomic' from project 'swift-markdown')
    cd /Users/karatsidhu/Library/Developer/Xcode/DerivedData/Warden-egfgtvcdgemxbigyyqzfhhhpjiff/SourcePackages/checkouts/swift-markdown
    /Applications/Xcode.app/Contents/Developer/Toolchains/XcodeDefault.xctoolchain/usr/bin/clang -Xlinker -reproducible -target arm64-apple-macos10.13 -r -isysroot /Applications/Xcode.app/Contents/Developer/Platforms/MacOSX.platform/Developer/SDKs/MacOSX26.1.sdk -O0 -w -L/Users/karatsidhu/Library/Developer/Xcode/DerivedData/Warden-egfgtvcdgemxbigyyqzfhhhpjiff/Build/Intermediates.noindex/EagerLinkingTBDs/Debug -L/Users/karatsidhu/Library/Developer/Xcode/DerivedData/Warden-egfgtvcdgemxbigyyqzfhhhpjiff/Build/Products/Debug -L/Applications/Xcode.app/Contents/Developer/Platforms/MacOSX.platform/Developer/usr/lib -F/Users/karatsidhu/Library/Developer/Xcode/DerivedData/Warden-egfgtvcdgemxbigyyqzfhhhpjiff/Build/Intermediates.noindex/EagerLinkingTBDs/Debug -F/Users/karatsidhu/Library/Developer/Xcode/DerivedData/Warden-egfgtvcdgemxbigyyqzfhhhpjiff/Build/Products/Debug -iframework /Applications/Xcode.app/Contents/Developer/Platforms/MacOSX.platform/Developer/Library/Frameworks -filelist /Users/karatsidhu/Library/Developer/Xcode/DerivedData/Warden-egfgtvcdgemxbigyyqzfhhhpjiff/Build/Intermediates.noindex/swift-markdown.build/Debug/CAtomic.build/Objects-normal/arm64/CAtomic.LinkFileList -nostdlib -Xlinker -object_path_lto -Xlinker /Users/karatsidhu/Library/Developer/Xcode/DerivedData/Warden-egfgtvcdgemxbigyyqzfhhhpjiff/Build/Intermediates.noindex/swift-markdown.build/Debug/CAtomic.build/Objects-normal/arm64/CAtomic_lto.o -rdynamic -Xlinker -no_deduplicate -Xlinker -debug_variant -Xlinker -dependency_info -Xlinker /Users/karatsidhu/Library/Developer/Xcode/DerivedData/Warden-egfgtvcdgemxbigyyqzfhhhpjiff/Build/Intermediates.noindex/swift-markdown.build/Debug/CAtomic.build/Objects-normal/arm64/CAtomic_dependency_info.dat -o /Users/karatsidhu/Library/Developer/Xcode/DerivedData/Warden-egfgtvcdgemxbigyyqzfhhhpjiff/Build/Products/Debug/CAtomic.o

Ld /Users/karatsidhu/Library/Developer/Xcode/DerivedData/Warden-egfgtvcdgemxbigyyqzfhhhpjiff/Build/Products/Debug/OmenTextField.o normal (in target 'OmenTextField' from project 'OmenTextField')
    cd /Users/karatsidhu/Library/Developer/Xcode/DerivedData/Warden-egfgtvcdgemxbigyyqzfhhhpjiff/SourcePackages/checkouts/OmenTextField
    /Applications/Xcode.app/Contents/Developer/Toolchains/XcodeDefault.xctoolchain/usr/bin/clang -Xlinker -reproducible -target arm64-apple-macos11.0 -r -isysroot /Applications/Xcode.app/Contents/Developer/Platforms/MacOSX.platform/Developer/SDKs/MacOSX26.1.sdk -O0 -w -L/Users/karatsidhu/Library/Developer/Xcode/DerivedData/Warden-egfgtvcdgemxbigyyqzfhhhpjiff/Build/Intermediates.noindex/EagerLinkingTBDs/Debug -L/Users/karatsidhu/Library/Developer/Xcode/DerivedData/Warden-egfgtvcdgemxbigyyqzfhhhpjiff/Build/Products/Debug -L/Applications/Xcode.app/Contents/Developer/Platforms/MacOSX.platform/Developer/usr/lib -F/Users/karatsidhu/Library/Developer/Xcode/DerivedData/Warden-egfgtvcdgemxbigyyqzfhhhpjiff/Build/Intermediates.noindex/EagerLinkingTBDs/Debug -F/Users/karatsidhu/Library/Developer/Xcode/DerivedData/Warden-egfgtvcdgemxbigyyqzfhhhpjiff/Build/Products/Debug -iframework /Applications/Xcode.app/Contents/Developer/Platforms/MacOSX.platform/Developer/Library/Frameworks -filelist /Users/karatsidhu/Library/Developer/Xcode/DerivedData/Warden-egfgtvcdgemxbigyyqzfhhhpjiff/Build/Intermediates.noindex/OmenTextField.build/Debug/OmenTextField.build/Objects-normal/arm64/OmenTextField.LinkFileList -nostdlib -Xlinker -object_path_lto -Xlinker /Users/karatsidhu/Library/Developer/Xcode/DerivedData/Warden-egfgtvcdgemxbigyyqzfhhhpjiff/Build/Intermediates.noindex/OmenTextField.build/Debug/OmenTextField.build/Objects-normal/arm64/OmenTextField_lto.o -rdynamic -Xlinker -no_deduplicate -Xlinker -debug_variant -Xlinker -dependency_info -Xlinker /Users/karatsidhu/Library/Developer/Xcode/DerivedData/Warden-egfgtvcdgemxbigyyqzfhhhpjiff/Build/Intermediates.noindex/OmenTextField.build/Debug/OmenTextField.build/Objects-normal/arm64/OmenTextField_dependency_info.dat -fobjc-link-runtime -L/Applications/Xcode.app/Contents/Developer/Toolchains/XcodeDefault.xctoolchain/usr/lib/swift/macosx -L/usr/lib/swift -Xlinker -add_ast_path -Xlinker /Users/karatsidhu/Library/Developer/Xcode/DerivedData/Warden-egfgtvcdgemxbigyyqzfhhhpjiff/Build/Intermediates.noindex/OmenTextField.build/Debug/OmenTextField.build/Objects-normal/arm64/OmenTextField.swiftmodule @/Users/karatsidhu/Library/Developer/Xcode/DerivedData/Warden-egfgtvcdgemxbigyyqzfhhhpjiff/Build/Intermediates.noindex/OmenTextField.build/Debug/OmenTextField.build/Objects-normal/arm64/OmenTextField-linker-args.resp -o /Users/karatsidhu/Library/Developer/Xcode/DerivedData/Warden-egfgtvcdgemxbigyyqzfhhhpjiff/Build/Products/Debug/OmenTextField.o

ProcessProductPackaging /Users/karatsidhu/Developer/WardenApp/Warden/Warden.entitlements /Users/karatsidhu/Library/Developer/Xcode/DerivedData/Warden-egfgtvcdgemxbigyyqzfhhhpjiff/Build/Intermediates.noindex/Warden.build/Debug/Warden.build/Warden.app.xcent (in target 'Warden' from project 'Warden')
    cd /Users/karatsidhu/Developer/WardenApp
    
    Entitlements:
    
    {
    "com.apple.security.app-sandbox" = 1;
    "com.apple.security.files.user-selected.read-write" = 1;
    "com.apple.security.get-task-allow" = 1;
    "com.apple.security.network.client" = 1;
    "com.apple.security.network.server" = 1;
    "com.apple.security.temporary-exception.mach-lookup.global-name" =     (
        "karatsidhu.WardenAI-spks",
        "karatsidhu.WardenAI-spki"
    );
}
    
    builtin-productPackagingUtility /Users/karatsidhu/Developer/WardenApp/Warden/Warden.entitlements -entitlements -format xml -o /Users/karatsidhu/Library/Developer/Xcode/DerivedData/Warden-egfgtvcdgemxbigyyqzfhhhpjiff/Build/Intermediates.noindex/Warden.build/Debug/Warden.build/Warden.app.xcent

ProcessInfoPlistFile /Users/karatsidhu/Library/Developer/Xcode/DerivedData/Warden-egfgtvcdgemxbigyyqzfhhhpjiff/Build/Products/Debug/SwiftMath_SwiftMath.bundle/Contents/Info.plist /Users/karatsidhu/Library/Developer/Xcode/DerivedData/Warden-egfgtvcdgemxbigyyqzfhhhpjiff/Build/Intermediates.noindex/SwiftMath.build/Debug/SwiftMath_SwiftMath.build/empty-SwiftMath_SwiftMath.plist (in target 'SwiftMath_SwiftMath' from project 'SwiftMath')
    cd /Users/karatsidhu/Library/Developer/Xcode/DerivedData/Warden-egfgtvcdgemxbigyyqzfhhhpjiff/SourcePackages/checkouts/SwiftMath
    builtin-infoPlistUtility /Users/karatsidhu/Library/Developer/Xcode/DerivedData/Warden-egfgtvcdgemxbigyyqzfhhhpjiff/Build/Intermediates.noindex/SwiftMath.build/Debug/SwiftMath_SwiftMath.build/empty-SwiftMath_SwiftMath.plist -producttype com.apple.product-type.bundle -expandbuildsettings -platform macosx -o /Users/karatsidhu/Library/Developer/Xcode/DerivedData/Warden-egfgtvcdgemxbigyyqzfhhhpjiff/Build/Products/Debug/SwiftMath_SwiftMath.bundle/Contents/Info.plist

Ld /Users/karatsidhu/Library/Developer/Xcode/DerivedData/Warden-egfgtvcdgemxbigyyqzfhhhpjiff/Build/Products/Debug/AttributedText.o normal (in target 'AttributedText' from project 'AttributedText')
    cd /Users/karatsidhu/Library/Developer/Xcode/DerivedData/Warden-egfgtvcdgemxbigyyqzfhhhpjiff/SourcePackages/checkouts/AttributedText
    /Applications/Xcode.app/Contents/Developer/Toolchains/XcodeDefault.xctoolchain/usr/bin/clang -Xlinker -reproducible -target arm64-apple-macos11.0 -r -isysroot /Applications/Xcode.app/Contents/Developer/Platforms/MacOSX.platform/Developer/SDKs/MacOSX26.1.sdk -O0 -w -L/Users/karatsidhu/Library/Developer/Xcode/DerivedData/Warden-egfgtvcdgemxbigyyqzfhhhpjiff/Build/Intermediates.noindex/EagerLinkingTBDs/Debug -L/Users/karatsidhu/Library/Developer/Xcode/DerivedData/Warden-egfgtvcdgemxbigyyqzfhhhpjiff/Build/Products/Debug -L/Applications/Xcode.app/Contents/Developer/Platforms/MacOSX.platform/Developer/usr/lib -F/Users/karatsidhu/Library/Developer/Xcode/DerivedData/Warden-egfgtvcdgemxbigyyqzfhhhpjiff/Build/Intermediates.noindex/EagerLinkingTBDs/Debug -F/Users/karatsidhu/Library/Developer/Xcode/DerivedData/Warden-egfgtvcdgemxbigyyqzfhhhpjiff/Build/Products/Debug -iframework /Applications/Xcode.app/Contents/Developer/Platforms/MacOSX.platform/Developer/Library/Frameworks -filelist /Users/karatsidhu/Library/Developer/Xcode/DerivedData/Warden-egfgtvcdgemxbigyyqzfhhhpjiff/Build/Intermediates.noindex/AttributedText.build/Debug/AttributedText.build/Objects-normal/arm64/AttributedText.LinkFileList -nostdlib -Xlinker -object_path_lto -Xlinker /Users/karatsidhu/Library/Developer/Xcode/DerivedData/Warden-egfgtvcdgemxbigyyqzfhhhpjiff/Build/Intermediates.noindex/AttributedText.build/Debug/AttributedText.build/Objects-normal/arm64/AttributedText_lto.o -rdynamic -Xlinker -no_deduplicate -Xlinker -debug_variant -Xlinker -dependency_info -Xlinker /Users/karatsidhu/Library/Developer/Xcode/DerivedData/Warden-egfgtvcdgemxbigyyqzfhhhpjiff/Build/Intermediates.noindex/AttributedText.build/Debug/AttributedText.build/Objects-normal/arm64/AttributedText_dependency_info.dat -fobjc-link-runtime -L/Applications/Xcode.app/Contents/Developer/Toolchains/XcodeDefault.xctoolchain/usr/lib/swift/macosx -L/usr/lib/swift -Xlinker -add_ast_path -Xlinker /Users/karatsidhu/Library/Developer/Xcode/DerivedData/Warden-egfgtvcdgemxbigyyqzfhhhpjiff/Build/Intermediates.noindex/AttributedText.build/Debug/AttributedText.build/Objects-normal/arm64/AttributedText.swiftmodule @/Users/karatsidhu/Library/Developer/Xcode/DerivedData/Warden-egfgtvcdgemxbigyyqzfhhhpjiff/Build/Intermediates.noindex/AttributedText.build/Debug/AttributedText.build/Objects-normal/arm64/AttributedText-linker-args.resp -o /Users/karatsidhu/Library/Developer/Xcode/DerivedData/Warden-egfgtvcdgemxbigyyqzfhhhpjiff/Build/Products/Debug/AttributedText.o

ProcessInfoPlistFile /Users/karatsidhu/Library/Developer/Xcode/DerivedData/Warden-egfgtvcdgemxbigyyqzfhhhpjiff/Build/Products/Debug/Highlightr_Highlightr.bundle/Contents/Info.plist /Users/karatsidhu/Library/Developer/Xcode/DerivedData/Warden-egfgtvcdgemxbigyyqzfhhhpjiff/Build/Intermediates.noindex/Highlightr.build/Debug/Highlightr_Highlightr.build/empty-Highlightr_Highlightr.plist (in target 'Highlightr_Highlightr' from project 'Highlightr')
    cd /Users/karatsidhu/Library/Developer/Xcode/DerivedData/Warden-egfgtvcdgemxbigyyqzfhhhpjiff/SourcePackages/checkouts/Highlightr
    builtin-infoPlistUtility /Users/karatsidhu/Library/Developer/Xcode/DerivedData/Warden-egfgtvcdgemxbigyyqzfhhhpjiff/Build/Intermediates.noindex/Highlightr.build/Debug/Highlightr_Highlightr.build/empty-Highlightr_Highlightr.plist -producttype com.apple.product-type.bundle -expandbuildsettings -platform macosx -o /Users/karatsidhu/Library/Developer/Xcode/DerivedData/Warden-egfgtvcdgemxbigyyqzfhhhpjiff/Build/Products/Debug/Highlightr_Highlightr.bundle/Contents/Info.plist

ProcessProductPackagingDER /Users/karatsidhu/Library/Developer/Xcode/DerivedData/Warden-egfgtvcdgemxbigyyqzfhhhpjiff/Build/Intermediates.noindex/Warden.build/Debug/Warden.build/Warden.app.xcent /Users/karatsidhu/Library/Developer/Xcode/DerivedData/Warden-egfgtvcdgemxbigyyqzfhhhpjiff/Build/Intermediates.noindex/Warden.build/Debug/Warden.build/Warden.app.xcent.der (in target 'Warden' from project 'Warden')
    cd /Users/karatsidhu/Developer/WardenApp
    /usr/bin/derq query -f xml -i /Users/karatsidhu/Library/Developer/Xcode/DerivedData/Warden-egfgtvcdgemxbigyyqzfhhhpjiff/Build/Intermediates.noindex/Warden.build/Debug/Warden.build/Warden.app.xcent -o /Users/karatsidhu/Library/Developer/Xcode/DerivedData/Warden-egfgtvcdgemxbigyyqzfhhhpjiff/Build/Intermediates.noindex/Warden.build/Debug/Warden.build/Warden.app.xcent.der --raw

SwiftDriver Warden normal arm64 com.apple.xcode.tools.swift.compiler (in target 'Warden' from project 'Warden')
    cd /Users/karatsidhu/Developer/WardenApp
    builtin-SwiftDriver -- /Applications/Xcode.app/Contents/Developer/Toolchains/XcodeDefault.xctoolchain/usr/bin/swiftc -module-name Warden -Onone -enforce-exclusivity\=checked @/Users/karatsidhu/Library/Developer/Xcode/DerivedData/Warden-egfgtvcdgemxbigyyqzfhhhpjiff/Build/Intermediates.noindex/Warden.build/Debug/Warden.build/Objects-normal/arm64/Warden.SwiftFileList -DDEBUG -enable-bare-slash-regex -enable-experimental-feature DebugDescriptionMacro -sdk /Applications/Xcode.app/Contents/Developer/Platforms/MacOSX.platform/Developer/SDKs/MacOSX26.1.sdk -target arm64-apple-macos15.0 -g -module-cache-path /Users/karatsidhu/Library/Developer/Xcode/DerivedData/ModuleCache.noindex -Xfrontend -serialize-debugging-options -profile-coverage-mapping -profile-generate -enable-testing -index-store-path /Users/karatsidhu/Library/Developer/Xcode/DerivedData/Warden-egfgtvcdgemxbigyyqzfhhhpjiff/Index.noindex/DataStore -Xcc -D_LIBCPP_HARDENING_MODE\=_LIBCPP_HARDENING_MODE_DEBUG -swift-version 5 -I /Users/karatsidhu/Library/Developer/Xcode/DerivedData/Warden-egfgtvcdgemxbigyyqzfhhhpjiff/Build/Products/Debug -F /Users/karatsidhu/Library/Developer/Xcode/DerivedData/Warden-egfgtvcdgemxbigyyqzfhhhpjiff/Build/Products/Debug/PackageFrameworks -F /Users/karatsidhu/Library/Developer/Xcode/DerivedData/Warden-egfgtvcdgemxbigyyqzfhhhpjiff/Build/Products/Debug/PackageFrameworks -F /Users/karatsidhu/Library/Developer/Xcode/DerivedData/Warden-egfgtvcdgemxbigyyqzfhhhpjiff/Build/Products/Debug/PackageFrameworks -F /Users/karatsidhu/Library/Developer/Xcode/DerivedData/Warden-egfgtvcdgemxbigyyqzfhhhpjiff/Build/Products/Debug/PackageFrameworks -F /Users/karatsidhu/Library/Developer/Xcode/DerivedData/Warden-egfgtvcdgemxbigyyqzfhhhpjiff/Build/Products/Debug/PackageFrameworks -F /Users/karatsidhu/Library/Developer/Xcode/DerivedData/Warden-egfgtvcdgemxbigyyqzfhhhpjiff/Build/Products/Debug/PackageFrameworks -F /Users/karatsidhu/Library/Developer/Xcode/DerivedData/Warden-egfgtvcdgemxbigyyqzfhhhpjiff/Build/Products/Debug/PackageFrameworks -F /Users/karatsidhu/Library/Developer/Xcode/DerivedData/Warden-egfgtvcdgemxbigyyqzfhhhpjiff/Build/Products/Debug/PackageFrameworks -F /Users/karatsidhu/Library/Developer/Xcode/DerivedData/Warden-egfgtvcdgemxbigyyqzfhhhpjiff/Build/Products/Debug/PackageFrameworks -F /Users/karatsidhu/Library/Developer/Xcode/DerivedData/Warden-egfgtvcdgemxbigyyqzfhhhpjiff/Build/Products/Debug -emit-localized-strings -emit-localized-strings-path /Users/karatsidhu/Library/Developer/Xcode/DerivedData/Warden-egfgtvcdgemxbigyyqzfhhhpjiff/Build/Intermediates.noindex/Warden.build/Debug/Warden.build/Objects-normal/arm64 -c -j8 -enable-batch-mode -incremental -Xcc -ivfsstatcache -Xcc /Users/karatsidhu/Library/Developer/Xcode/DerivedData/SDKStatCaches.noindex/macosx26.1-25B74-3ae1261907bdadc328169391a47051a6.sdkstatcache -output-file-map /Users/karatsidhu/Library/Developer/Xcode/DerivedData/Warden-egfgtvcdgemxbigyyqzfhhhpjiff/Build/Intermediates.noindex/Warden.build/Debug/Warden.build/Objects-normal/arm64/Warden-OutputFileMap.json -use-frontend-parseable-output -save-temps -no-color-diagnostics -explicit-module-build -module-cache-path /Users/karatsidhu/Library/Developer/Xcode/DerivedData/Warden-egfgtvcdgemxbigyyqzfhhhpjiff/Build/Intermediates.noindex/SwiftExplicitPrecompiledModules -clang-scanner-module-cache-path /Users/karatsidhu/Library/Developer/Xcode/DerivedData/ModuleCache.noindex -sdk-module-cache-path /Users/karatsidhu/Library/Developer/Xcode/DerivedData/ModuleCache.noindex -serialize-diagnostics -emit-dependencies -emit-module -emit-module-path /Users/karatsidhu/Library/Developer/Xcode/DerivedData/Warden-egfgtvcdgemxbigyyqzfhhhpjiff/Build/Intermediates.noindex/Warden.build/Debug/Warden.build/Objects-normal/arm64/Warden.swiftmodule -validate-clang-modules-once -clang-build-session-file /Users/karatsidhu/Library/Developer/Xcode/DerivedData/ModuleCache.noindex/Session.modulevalidation -Xcc -I/Users/karatsidhu/Library/Developer/Xcode/DerivedData/Warden-egfgtvcdgemxbigyyqzfhhhpjiff/Build/Intermediates.noindex/Warden.build/Debug/Warden.build/swift-overrides.hmap -emit-const-values -Xfrontend -const-gather-protocols-file -Xfrontend /Users/karatsidhu/Library/Developer/Xcode/DerivedData/Warden-egfgtvcdgemxbigyyqzfhhhpjiff/Build/Intermediates.noindex/Warden.build/Debug/Warden.build/Objects-normal/arm64/Warden_const_extract_protocols.json -Xcc -iquote -Xcc /Users/karatsidhu/Library/Developer/Xcode/DerivedData/Warden-egfgtvcdgemxbigyyqzfhhhpjiff/Build/Intermediates.noindex/Warden.build/Debug/Warden.build/Warden-generated-files.hmap -Xcc -I/Users/karatsidhu/Library/Developer/Xcode/DerivedData/Warden-egfgtvcdgemxbigyyqzfhhhpjiff/Build/Intermediates.noindex/Warden.build/Debug/Warden.build/Warden-own-target-headers.hmap -Xcc -I/Users/karatsidhu/Library/Developer/Xcode/DerivedData/Warden-egfgtvcdgemxbigyyqzfhhhpjiff/Build/Intermediates.noindex/Warden.build/Debug/Warden.build/Warden-all-non-framework-target-headers.hmap -Xcc -ivfsoverlay -Xcc /Users/karatsidhu/Library/Developer/Xcode/DerivedData/Warden-egfgtvcdgemxbigyyqzfhhhpjiff/Build/Intermediates.noindex/Warden.build/Debug/Warden-6734d802df34cfc5f15439931c9b84c2-VFS/all-product-headers.yaml -Xcc -iquote -Xcc /Users/karatsidhu/Library/Developer/Xcode/DerivedData/Warden-egfgtvcdgemxbigyyqzfhhhpjiff/Build/Intermediates.noindex/Warden.build/Debug/Warden.build/Warden-project-headers.hmap -Xcc -I/Users/karatsidhu/Library/Developer/Xcode/DerivedData/Warden-egfgtvcdgemxbigyyqzfhhhpjiff/SourcePackages/checkouts/swift-cmark/src/include -Xcc -I/Users/karatsidhu/Library/Developer/Xcode/DerivedData/Warden-egfgtvcdgemxbigyyqzfhhhpjiff/SourcePackages/checkouts/swift-cmark/extensions/include -Xcc -I/Users/karatsidhu/Library/Developer/Xcode/DerivedData/Warden-egfgtvcdgemxbigyyqzfhhhpjiff/SourcePackages/checkouts/swift-markdown/Sources/CAtomic/include -Xcc -I/Users/karatsidhu/Library/Developer/Xcode/DerivedData/Warden-egfgtvcdgemxbigyyqzfhhhpjiff/Build/Products/Debug/include -Xcc -I/Users/karatsidhu/Library/Developer/Xcode/DerivedData/Warden-egfgtvcdgemxbigyyqzfhhhpjiff/Build/Intermediates.noindex/Warden.build/Debug/Warden.build/DerivedSources-normal/arm64 -Xcc -I/Users/karatsidhu/Library/Developer/Xcode/DerivedData/Warden-egfgtvcdgemxbigyyqzfhhhpjiff/Build/Intermediates.noindex/Warden.build/Debug/Warden.build/DerivedSources/arm64 -Xcc -I/Users/karatsidhu/Library/Developer/Xcode/DerivedData/Warden-egfgtvcdgemxbigyyqzfhhhpjiff/Build/Intermediates.noindex/Warden.build/Debug/Warden.build/DerivedSources -Xcc -DDEBUG\=1 -emit-objc-header -emit-objc-header-path /Users/karatsidhu/Library/Developer/Xcode/DerivedData/Warden-egfgtvcdgemxbigyyqzfhhhpjiff/Build/Intermediates.noindex/Warden.build/Debug/Warden.build/Objects-normal/arm64/Warden-Swift.h -working-directory /Users/karatsidhu/Developer/WardenApp -experimental-emit-module-separately -disable-cmo

Ld /Users/karatsidhu/Library/Developer/Xcode/DerivedData/Warden-egfgtvcdgemxbigyyqzfhhhpjiff/Build/Products/Debug/SwiftMath.o normal (in target 'SwiftMath' from project 'SwiftMath')
    cd /Users/karatsidhu/Library/Developer/Xcode/DerivedData/Warden-egfgtvcdgemxbigyyqzfhhhpjiff/SourcePackages/checkouts/SwiftMath
    /Applications/Xcode.app/Contents/Developer/Toolchains/XcodeDefault.xctoolchain/usr/bin/clang -Xlinker -reproducible -target arm64-apple-macos12.0 -r -isysroot /Applications/Xcode.app/Contents/Developer/Platforms/MacOSX.platform/Developer/SDKs/MacOSX26.1.sdk -O0 -w -L/Users/karatsidhu/Library/Developer/Xcode/DerivedData/Warden-egfgtvcdgemxbigyyqzfhhhpjiff/Build/Intermediates.noindex/EagerLinkingTBDs/Debug -L/Users/karatsidhu/Library/Developer/Xcode/DerivedData/Warden-egfgtvcdgemxbigyyqzfhhhpjiff/Build/Products/Debug -L/Applications/Xcode.app/Contents/Developer/Platforms/MacOSX.platform/Developer/usr/lib -F/Users/karatsidhu/Library/Developer/Xcode/DerivedData/Warden-egfgtvcdgemxbigyyqzfhhhpjiff/Build/Intermediates.noindex/EagerLinkingTBDs/Debug -F/Users/karatsidhu/Library/Developer/Xcode/DerivedData/Warden-egfgtvcdgemxbigyyqzfhhhpjiff/Build/Products/Debug -iframework /Applications/Xcode.app/Contents/Developer/Platforms/MacOSX.platform/Developer/Library/Frameworks -filelist /Users/karatsidhu/Library/Developer/Xcode/DerivedData/Warden-egfgtvcdgemxbigyyqzfhhhpjiff/Build/Intermediates.noindex/SwiftMath.build/Debug/SwiftMath.build/Objects-normal/arm64/SwiftMath.LinkFileList -nostdlib -Xlinker -object_path_lto -Xlinker /Users/karatsidhu/Library/Developer/Xcode/DerivedData/Warden-egfgtvcdgemxbigyyqzfhhhpjiff/Build/Intermediates.noindex/SwiftMath.build/Debug/SwiftMath.build/Objects-normal/arm64/SwiftMath_lto.o -rdynamic -Xlinker -no_deduplicate -Xlinker -debug_variant -Xlinker -dependency_info -Xlinker /Users/karatsidhu/Library/Developer/Xcode/DerivedData/Warden-egfgtvcdgemxbigyyqzfhhhpjiff/Build/Intermediates.noindex/SwiftMath.build/Debug/SwiftMath.build/Objects-normal/arm64/SwiftMath_dependency_info.dat -fobjc-link-runtime -L/Applications/Xcode.app/Contents/Developer/Toolchains/XcodeDefault.xctoolchain/usr/lib/swift/macosx -L/usr/lib/swift -Xlinker -add_ast_path -Xlinker /Users/karatsidhu/Library/Developer/Xcode/DerivedData/Warden-egfgtvcdgemxbigyyqzfhhhpjiff/Build/Intermediates.noindex/SwiftMath.build/Debug/SwiftMath.build/Objects-normal/arm64/SwiftMath.swiftmodule @/Users/karatsidhu/Library/Developer/Xcode/DerivedData/Warden-egfgtvcdgemxbigyyqzfhhhpjiff/Build/Intermediates.noindex/SwiftMath.build/Debug/SwiftMath.build/Objects-normal/arm64/SwiftMath-linker-args.resp -o /Users/karatsidhu/Library/Developer/Xcode/DerivedData/Warden-egfgtvcdgemxbigyyqzfhhhpjiff/Build/Products/Debug/SwiftMath.o

Ld /Users/karatsidhu/Library/Developer/Xcode/DerivedData/Warden-egfgtvcdgemxbigyyqzfhhhpjiff/Build/Products/Debug/Highlightr.o normal (in target 'Highlightr' from project 'Highlightr')
    cd /Users/karatsidhu/Library/Developer/Xcode/DerivedData/Warden-egfgtvcdgemxbigyyqzfhhhpjiff/SourcePackages/checkouts/Highlightr
    /Applications/Xcode.app/Contents/Developer/Toolchains/XcodeDefault.xctoolchain/usr/bin/clang -Xlinker -reproducible -target arm64-apple-macos10.15 -r -isysroot /Applications/Xcode.app/Contents/Developer/Platforms/MacOSX.platform/Developer/SDKs/MacOSX26.1.sdk -O0 -w -L/Users/karatsidhu/Library/Developer/Xcode/DerivedData/Warden-egfgtvcdgemxbigyyqzfhhhpjiff/Build/Intermediates.noindex/EagerLinkingTBDs/Debug -L/Users/karatsidhu/Library/Developer/Xcode/DerivedData/Warden-egfgtvcdgemxbigyyqzfhhhpjiff/Build/Products/Debug -L/Applications/Xcode.app/Contents/Developer/Platforms/MacOSX.platform/Developer/usr/lib -F/Users/karatsidhu/Library/Developer/Xcode/DerivedData/Warden-egfgtvcdgemxbigyyqzfhhhpjiff/Build/Intermediates.noindex/EagerLinkingTBDs/Debug -F/Users/karatsidhu/Library/Developer/Xcode/DerivedData/Warden-egfgtvcdgemxbigyyqzfhhhpjiff/Build/Products/Debug -iframework /Applications/Xcode.app/Contents/Developer/Platforms/MacOSX.platform/Developer/Library/Frameworks -filelist /Users/karatsidhu/Library/Developer/Xcode/DerivedData/Warden-egfgtvcdgemxbigyyqzfhhhpjiff/Build/Intermediates.noindex/Highlightr.build/Debug/Highlightr.build/Objects-normal/arm64/Highlightr.LinkFileList -nostdlib -Xlinker -object_path_lto -Xlinker /Users/karatsidhu/Library/Developer/Xcode/DerivedData/Warden-egfgtvcdgemxbigyyqzfhhhpjiff/Build/Intermediates.noindex/Highlightr.build/Debug/Highlightr.build/Objects-normal/arm64/Highlightr_lto.o -rdynamic -Xlinker -no_deduplicate -Xlinker -debug_variant -Xlinker -dependency_info -Xlinker /Users/karatsidhu/Library/Developer/Xcode/DerivedData/Warden-egfgtvcdgemxbigyyqzfhhhpjiff/Build/Intermediates.noindex/Highlightr.build/Debug/Highlightr.build/Objects-normal/arm64/Highlightr_dependency_info.dat -fobjc-link-runtime -L/Applications/Xcode.app/Contents/Developer/Toolchains/XcodeDefault.xctoolchain/usr/lib/swift/macosx -L/usr/lib/swift -Xlinker -add_ast_path -Xlinker /Users/karatsidhu/Library/Developer/Xcode/DerivedData/Warden-egfgtvcdgemxbigyyqzfhhhpjiff/Build/Intermediates.noindex/Highlightr.build/Debug/Highlightr.build/Objects-normal/arm64/Highlightr.swiftmodule @/Users/karatsidhu/Library/Developer/Xcode/DerivedData/Warden-egfgtvcdgemxbigyyqzfhhhpjiff/Build/Intermediates.noindex/Highlightr.build/Debug/Highlightr.build/Objects-normal/arm64/Highlightr-linker-args.resp -o /Users/karatsidhu/Library/Developer/Xcode/DerivedData/Warden-egfgtvcdgemxbigyyqzfhhhpjiff/Build/Products/Debug/Highlightr.o

RegisterExecutionPolicyException /Users/karatsidhu/Library/Developer/Xcode/DerivedData/Warden-egfgtvcdgemxbigyyqzfhhhpjiff/Build/Products/Debug/CAtomic.o (in target 'CAtomic' from project 'swift-markdown')
    cd /Users/karatsidhu/Library/Developer/Xcode/DerivedData/Warden-egfgtvcdgemxbigyyqzfhhhpjiff/SourcePackages/checkouts/swift-markdown
    builtin-RegisterExecutionPolicyException /Users/karatsidhu/Library/Developer/Xcode/DerivedData/Warden-egfgtvcdgemxbigyyqzfhhhpjiff/Build/Products/Debug/CAtomic.o

ExtractAppIntentsMetadata (in target 'AttributedText' from project 'AttributedText')
    cd /Users/karatsidhu/Library/Developer/Xcode/DerivedData/Warden-egfgtvcdgemxbigyyqzfhhhpjiff/SourcePackages/checkouts/AttributedText
    /Applications/Xcode.app/Contents/Developer/Toolchains/XcodeDefault.xctoolchain/usr/bin/appintentsmetadataprocessor --toolchain-dir /Applications/Xcode.app/Contents/Developer/Toolchains/XcodeDefault.xctoolchain --module-name AttributedText --sdk-root /Applications/Xcode.app/Contents/Developer/Platforms/MacOSX.platform/Developer/SDKs/MacOSX26.1.sdk --xcode-version 17B100 --platform-family macOS --deployment-target 11.0 --bundle-identifier attributedtext.AttributedText --output /Users/karatsidhu/Library/Developer/Xcode/DerivedData/Warden-egfgtvcdgemxbigyyqzfhhhpjiff/Build/Products/Debug/AttributedText.appintents --target-triple arm64-apple-macos11.0 --binary-file /Users/karatsidhu/Library/Developer/Xcode/DerivedData/Warden-egfgtvcdgemxbigyyqzfhhhpjiff/Build/Products/Debug/AttributedText.o --dependency-file /Users/karatsidhu/Library/Developer/Xcode/DerivedData/Warden-egfgtvcdgemxbigyyqzfhhhpjiff/Build/Intermediates.noindex/AttributedText.build/Debug/AttributedText.build/Objects-normal/arm64/AttributedText_dependency_info.dat --stringsdata-file /Users/karatsidhu/Library/Developer/Xcode/DerivedData/Warden-egfgtvcdgemxbigyyqzfhhhpjiff/Build/Intermediates.noindex/AttributedText.build/Debug/AttributedText.build/Objects-normal/arm64/ExtractedAppShortcutsMetadata.stringsdata --source-file-list /Users/karatsidhu/Library/Developer/Xcode/DerivedData/Warden-egfgtvcdgemxbigyyqzfhhhpjiff/Build/Intermediates.noindex/AttributedText.build/Debug/AttributedText.build/Objects-normal/arm64/AttributedText.SwiftFileList --metadata-file-list /Users/karatsidhu/Library/Developer/Xcode/DerivedData/Warden-egfgtvcdgemxbigyyqzfhhhpjiff/Build/Intermediates.noindex/AttributedText.build/Debug/AttributedText.build/AttributedText.DependencyMetadataFileList --static-metadata-file-list /Users/karatsidhu/Library/Developer/Xcode/DerivedData/Warden-egfgtvcdgemxbigyyqzfhhhpjiff/Build/Intermediates.noindex/AttributedText.build/Debug/AttributedText.build/AttributedText.DependencyStaticMetadataFileList --swift-const-vals-list /Users/karatsidhu/Library/Developer/Xcode/DerivedData/Warden-egfgtvcdgemxbigyyqzfhhhpjiff/Build/Intermediates.noindex/AttributedText.build/Debug/AttributedText.build/Objects-normal/arm64/AttributedText.SwiftConstValuesFileList --force --compile-time-extraction --deployment-aware-processing --validate-assistant-intents --no-app-shortcuts-localization
2025-11-23 10:52:16.187 appintentsmetadataprocessor[83045:1002279] Starting appintentsmetadataprocessor export
2025-11-23 10:52:16.346 appintentsmetadataprocessor[83045:1002279] Extracted no relevant App Intents symbols, skipping writing output

ExtractAppIntentsMetadata (in target 'OmenTextField' from project 'OmenTextField')
    cd /Users/karatsidhu/Library/Developer/Xcode/DerivedData/Warden-egfgtvcdgemxbigyyqzfhhhpjiff/SourcePackages/checkouts/OmenTextField
    /Applications/Xcode.app/Contents/Developer/Toolchains/XcodeDefault.xctoolchain/usr/bin/appintentsmetadataprocessor --toolchain-dir /Applications/Xcode.app/Contents/Developer/Toolchains/XcodeDefault.xctoolchain --module-name OmenTextField --sdk-root /Applications/Xcode.app/Contents/Developer/Platforms/MacOSX.platform/Developer/SDKs/MacOSX26.1.sdk --xcode-version 17B100 --platform-family macOS --deployment-target 11.0 --bundle-identifier omentextfield.OmenTextField --output /Users/karatsidhu/Library/Developer/Xcode/DerivedData/Warden-egfgtvcdgemxbigyyqzfhhhpjiff/Build/Products/Debug/OmenTextField.appintents --target-triple arm64-apple-macos11.0 --binary-file /Users/karatsidhu/Library/Developer/Xcode/DerivedData/Warden-egfgtvcdgemxbigyyqzfhhhpjiff/Build/Products/Debug/OmenTextField.o --dependency-file /Users/karatsidhu/Library/Developer/Xcode/DerivedData/Warden-egfgtvcdgemxbigyyqzfhhhpjiff/Build/Intermediates.noindex/OmenTextField.build/Debug/OmenTextField.build/Objects-normal/arm64/OmenTextField_dependency_info.dat --stringsdata-file /Users/karatsidhu/Library/Developer/Xcode/DerivedData/Warden-egfgtvcdgemxbigyyqzfhhhpjiff/Build/Intermediates.noindex/OmenTextField.build/Debug/OmenTextField.build/Objects-normal/arm64/ExtractedAppShortcutsMetadata.stringsdata --source-file-list /Users/karatsidhu/Library/Developer/Xcode/DerivedData/Warden-egfgtvcdgemxbigyyqzfhhhpjiff/Build/Intermediates.noindex/OmenTextField.build/Debug/OmenTextField.build/Objects-normal/arm64/OmenTextField.SwiftFileList --metadata-file-list /Users/karatsidhu/Library/Developer/Xcode/DerivedData/Warden-egfgtvcdgemxbigyyqzfhhhpjiff/Build/Intermediates.noindex/OmenTextField.build/Debug/OmenTextField.build/OmenTextField.DependencyMetadataFileList --static-metadata-file-list /Users/karatsidhu/Library/Developer/Xcode/DerivedData/Warden-egfgtvcdgemxbigyyqzfhhhpjiff/Build/Intermediates.noindex/OmenTextField.build/Debug/OmenTextField.build/OmenTextField.DependencyStaticMetadataFileList --swift-const-vals-list /Users/karatsidhu/Library/Developer/Xcode/DerivedData/Warden-egfgtvcdgemxbigyyqzfhhhpjiff/Build/Intermediates.noindex/OmenTextField.build/Debug/OmenTextField.build/Objects-normal/arm64/OmenTextField.SwiftConstValuesFileList --force --compile-time-extraction --deployment-aware-processing --validate-assistant-intents --no-app-shortcuts-localization
2025-11-23 10:52:16.187 appintentsmetadataprocessor[83046:1002280] Starting appintentsmetadataprocessor export
2025-11-23 10:52:16.373 appintentsmetadataprocessor[83046:1002280] Extracted no relevant App Intents symbols, skipping writing output

ExtractAppIntentsMetadata (in target 'KeychainAccess' from project 'KeychainAccess')
    cd /Users/karatsidhu/Library/Developer/Xcode/DerivedData/Warden-egfgtvcdgemxbigyyqzfhhhpjiff/SourcePackages/checkouts/KeychainAccess
    /Applications/Xcode.app/Contents/Developer/Toolchains/XcodeDefault.xctoolchain/usr/bin/appintentsmetadataprocessor --toolchain-dir /Applications/Xcode.app/Contents/Developer/Toolchains/XcodeDefault.xctoolchain --module-name KeychainAccess --sdk-root /Applications/Xcode.app/Contents/Developer/Platforms/MacOSX.platform/Developer/SDKs/MacOSX26.1.sdk --xcode-version 17B100 --platform-family macOS --deployment-target 10.13 --bundle-identifier keychainaccess.KeychainAccess --output /Users/karatsidhu/Library/Developer/Xcode/DerivedData/Warden-egfgtvcdgemxbigyyqzfhhhpjiff/Build/Products/Debug/KeychainAccess.appintents --target-triple arm64-apple-macos10.13 --binary-file /Users/karatsidhu/Library/Developer/Xcode/DerivedData/Warden-egfgtvcdgemxbigyyqzfhhhpjiff/Build/Products/Debug/KeychainAccess.o --dependency-file /Users/karatsidhu/Library/Developer/Xcode/DerivedData/Warden-egfgtvcdgemxbigyyqzfhhhpjiff/Build/Intermediates.noindex/KeychainAccess.build/Debug/KeychainAccess.build/Objects-normal/arm64/KeychainAccess_dependency_info.dat --stringsdata-file /Users/karatsidhu/Library/Developer/Xcode/DerivedData/Warden-egfgtvcdgemxbigyyqzfhhhpjiff/Build/Intermediates.noindex/KeychainAccess.build/Debug/KeychainAccess.build/Objects-normal/arm64/ExtractedAppShortcutsMetadata.stringsdata --source-file-list /Users/karatsidhu/Library/Developer/Xcode/DerivedData/Warden-egfgtvcdgemxbigyyqzfhhhpjiff/Build/Intermediates.noindex/KeychainAccess.build/Debug/KeychainAccess.build/Objects-normal/arm64/KeychainAccess.SwiftFileList --metadata-file-list /Users/karatsidhu/Library/Developer/Xcode/DerivedData/Warden-egfgtvcdgemxbigyyqzfhhhpjiff/Build/Intermediates.noindex/KeychainAccess.build/Debug/KeychainAccess.build/KeychainAccess.DependencyMetadataFileList --static-metadata-file-list /Users/karatsidhu/Library/Developer/Xcode/DerivedData/Warden-egfgtvcdgemxbigyyqzfhhhpjiff/Build/Intermediates.noindex/KeychainAccess.build/Debug/KeychainAccess.build/KeychainAccess.DependencyStaticMetadataFileList --swift-const-vals-list /Users/karatsidhu/Library/Developer/Xcode/DerivedData/Warden-egfgtvcdgemxbigyyqzfhhhpjiff/Build/Intermediates.noindex/KeychainAccess.build/Debug/KeychainAccess.build/Objects-normal/arm64/KeychainAccess.SwiftConstValuesFileList --force --compile-time-extraction --deployment-aware-processing --validate-assistant-intents --no-app-shortcuts-localization
2025-11-23 10:52:16.188 appintentsmetadataprocessor[83047:1002283] Starting appintentsmetadataprocessor export
2025-11-23 10:52:16.382 appintentsmetadataprocessor[83047:1002283] Extracted no relevant App Intents symbols, skipping writing output

RegisterExecutionPolicyException /Users/karatsidhu/Library/Developer/Xcode/DerivedData/Warden-egfgtvcdgemxbigyyqzfhhhpjiff/Build/Products/Debug/cmark-gfm.o (in target 'cmark-gfm' from project 'cmark-gfm')
    cd /Users/karatsidhu/Library/Developer/Xcode/DerivedData/Warden-egfgtvcdgemxbigyyqzfhhhpjiff/SourcePackages/checkouts/swift-cmark
    builtin-RegisterExecutionPolicyException /Users/karatsidhu/Library/Developer/Xcode/DerivedData/Warden-egfgtvcdgemxbigyyqzfhhhpjiff/Build/Products/Debug/cmark-gfm.o

ExtractAppIntentsMetadata (in target 'Highlightr' from project 'Highlightr')
    cd /Users/karatsidhu/Library/Developer/Xcode/DerivedData/Warden-egfgtvcdgemxbigyyqzfhhhpjiff/SourcePackages/checkouts/Highlightr
    /Applications/Xcode.app/Contents/Developer/Toolchains/XcodeDefault.xctoolchain/usr/bin/appintentsmetadataprocessor --toolchain-dir /Applications/Xcode.app/Contents/Developer/Toolchains/XcodeDefault.xctoolchain --module-name Highlightr --sdk-root /Applications/Xcode.app/Contents/Developer/Platforms/MacOSX.platform/Developer/SDKs/MacOSX26.1.sdk --xcode-version 17B100 --platform-family macOS --deployment-target 10.15 --bundle-identifier highlightr.Highlightr --output /Users/karatsidhu/Library/Developer/Xcode/DerivedData/Warden-egfgtvcdgemxbigyyqzfhhhpjiff/Build/Products/Debug/Highlightr.appintents --target-triple arm64-apple-macos10.15 --binary-file /Users/karatsidhu/Library/Developer/Xcode/DerivedData/Warden-egfgtvcdgemxbigyyqzfhhhpjiff/Build/Products/Debug/Highlightr.o --dependency-file /Users/karatsidhu/Library/Developer/Xcode/DerivedData/Warden-egfgtvcdgemxbigyyqzfhhhpjiff/Build/Intermediates.noindex/Highlightr.build/Debug/Highlightr.build/Objects-normal/arm64/Highlightr_dependency_info.dat --stringsdata-file /Users/karatsidhu/Library/Developer/Xcode/DerivedData/Warden-egfgtvcdgemxbigyyqzfhhhpjiff/Build/Intermediates.noindex/Highlightr.build/Debug/Highlightr.build/Objects-normal/arm64/ExtractedAppShortcutsMetadata.stringsdata --source-file-list /Users/karatsidhu/Library/Developer/Xcode/DerivedData/Warden-egfgtvcdgemxbigyyqzfhhhpjiff/Build/Intermediates.noindex/Highlightr.build/Debug/Highlightr.build/Objects-normal/arm64/Highlightr.SwiftFileList --metadata-file-list /Users/karatsidhu/Library/Developer/Xcode/DerivedData/Warden-egfgtvcdgemxbigyyqzfhhhpjiff/Build/Intermediates.noindex/Highlightr.build/Debug/Highlightr.build/Highlightr.DependencyMetadataFileList --static-metadata-file-list /Users/karatsidhu/Library/Developer/Xcode/DerivedData/Warden-egfgtvcdgemxbigyyqzfhhhpjiff/Build/Intermediates.noindex/Highlightr.build/Debug/Highlightr.build/Highlightr.DependencyStaticMetadataFileList --swift-const-vals-list /Users/karatsidhu/Library/Developer/Xcode/DerivedData/Warden-egfgtvcdgemxbigyyqzfhhhpjiff/Build/Intermediates.noindex/Highlightr.build/Debug/Highlightr.build/Objects-normal/arm64/Highlightr.SwiftConstValuesFileList --force --compile-time-extraction --deployment-aware-processing --validate-assistant-intents --no-app-shortcuts-localization
2025-11-23 10:52:16.198 appintentsmetadataprocessor[83048:1002300] Starting appintentsmetadataprocessor export
2025-11-23 10:52:16.371 appintentsmetadataprocessor[83048:1002300] Extracted no relevant App Intents symbols, skipping writing output

Ld /Users/karatsidhu/Library/Developer/Xcode/DerivedData/Warden-egfgtvcdgemxbigyyqzfhhhpjiff/Build/Products/Debug/cmark-gfm-extensions.o normal (in target 'cmark-gfm-extensions' from project 'cmark-gfm')
    cd /Users/karatsidhu/Library/Developer/Xcode/DerivedData/Warden-egfgtvcdgemxbigyyqzfhhhpjiff/SourcePackages/checkouts/swift-cmark
    /Applications/Xcode.app/Contents/Developer/Toolchains/XcodeDefault.xctoolchain/usr/bin/clang -Xlinker -reproducible -target arm64-apple-macos10.13 -r -isysroot /Applications/Xcode.app/Contents/Developer/Platforms/MacOSX.platform/Developer/SDKs/MacOSX26.1.sdk -O0 -w -L/Users/karatsidhu/Library/Developer/Xcode/DerivedData/Warden-egfgtvcdgemxbigyyqzfhhhpjiff/Build/Intermediates.noindex/EagerLinkingTBDs/Debug -L/Users/karatsidhu/Library/Developer/Xcode/DerivedData/Warden-egfgtvcdgemxbigyyqzfhhhpjiff/Build/Products/Debug -L/Applications/Xcode.app/Contents/Developer/Platforms/MacOSX.platform/Developer/usr/lib -F/Users/karatsidhu/Library/Developer/Xcode/DerivedData/Warden-egfgtvcdgemxbigyyqzfhhhpjiff/Build/Intermediates.noindex/EagerLinkingTBDs/Debug -F/Users/karatsidhu/Library/Developer/Xcode/DerivedData/Warden-egfgtvcdgemxbigyyqzfhhhpjiff/Build/Products/Debug/PackageFrameworks -F/Users/karatsidhu/Library/Developer/Xcode/DerivedData/Warden-egfgtvcdgemxbigyyqzfhhhpjiff/Build/Products/Debug -iframework /Applications/Xcode.app/Contents/Developer/Platforms/MacOSX.platform/Developer/Library/Frameworks -filelist /Users/karatsidhu/Library/Developer/Xcode/DerivedData/Warden-egfgtvcdgemxbigyyqzfhhhpjiff/Build/Intermediates.noindex/cmark-gfm.build/Debug/cmark-gfm-extensions.build/Objects-normal/arm64/cmark-gfm-extensions.LinkFileList -nostdlib -Xlinker -object_path_lto -Xlinker /Users/karatsidhu/Library/Developer/Xcode/DerivedData/Warden-egfgtvcdgemxbigyyqzfhhhpjiff/Build/Intermediates.noindex/cmark-gfm.build/Debug/cmark-gfm-extensions.build/Objects-normal/arm64/cmark-gfm-extensions_lto.o -rdynamic -Xlinker -no_deduplicate -Xlinker -debug_variant -Xlinker -dependency_info -Xlinker /Users/karatsidhu/Library/Developer/Xcode/DerivedData/Warden-egfgtvcdgemxbigyyqzfhhhpjiff/Build/Intermediates.noindex/cmark-gfm.build/Debug/cmark-gfm-extensions.build/Objects-normal/arm64/cmark-gfm-extensions_dependency_info.dat -o /Users/karatsidhu/Library/Developer/Xcode/DerivedData/Warden-egfgtvcdgemxbigyyqzfhhhpjiff/Build/Products/Debug/cmark-gfm-extensions.o

ExtractAppIntentsMetadata (in target 'SwiftMath' from project 'SwiftMath')
    cd /Users/karatsidhu/Library/Developer/Xcode/DerivedData/Warden-egfgtvcdgemxbigyyqzfhhhpjiff/SourcePackages/checkouts/SwiftMath
    /Applications/Xcode.app/Contents/Developer/Toolchains/XcodeDefault.xctoolchain/usr/bin/appintentsmetadataprocessor --toolchain-dir /Applications/Xcode.app/Contents/Developer/Toolchains/XcodeDefault.xctoolchain --module-name SwiftMath --sdk-root /Applications/Xcode.app/Contents/Developer/Platforms/MacOSX.platform/Developer/SDKs/MacOSX26.1.sdk --xcode-version 17B100 --platform-family macOS --deployment-target 12.0 --bundle-identifier swiftmath.SwiftMath --output /Users/karatsidhu/Library/Developer/Xcode/DerivedData/Warden-egfgtvcdgemxbigyyqzfhhhpjiff/Build/Products/Debug/SwiftMath.appintents --target-triple arm64-apple-macos12.0 --binary-file /Users/karatsidhu/Library/Developer/Xcode/DerivedData/Warden-egfgtvcdgemxbigyyqzfhhhpjiff/Build/Products/Debug/SwiftMath.o --dependency-file /Users/karatsidhu/Library/Developer/Xcode/DerivedData/Warden-egfgtvcdgemxbigyyqzfhhhpjiff/Build/Intermediates.noindex/SwiftMath.build/Debug/SwiftMath.build/Objects-normal/arm64/SwiftMath_dependency_info.dat --stringsdata-file /Users/karatsidhu/Library/Developer/Xcode/DerivedData/Warden-egfgtvcdgemxbigyyqzfhhhpjiff/Build/Intermediates.noindex/SwiftMath.build/Debug/SwiftMath.build/Objects-normal/arm64/ExtractedAppShortcutsMetadata.stringsdata --source-file-list /Users/karatsidhu/Library/Developer/Xcode/DerivedData/Warden-egfgtvcdgemxbigyyqzfhhhpjiff/Build/Intermediates.noindex/SwiftMath.build/Debug/SwiftMath.build/Objects-normal/arm64/SwiftMath.SwiftFileList --metadata-file-list /Users/karatsidhu/Library/Developer/Xcode/DerivedData/Warden-egfgtvcdgemxbigyyqzfhhhpjiff/Build/Intermediates.noindex/SwiftMath.build/Debug/SwiftMath.build/SwiftMath.DependencyMetadataFileList --static-metadata-file-list /Users/karatsidhu/Library/Developer/Xcode/DerivedData/Warden-egfgtvcdgemxbigyyqzfhhhpjiff/Build/Intermediates.noindex/SwiftMath.build/Debug/SwiftMath.build/SwiftMath.DependencyStaticMetadataFileList --swift-const-vals-list /Users/karatsidhu/Library/Developer/Xcode/DerivedData/Warden-egfgtvcdgemxbigyyqzfhhhpjiff/Build/Intermediates.noindex/SwiftMath.build/Debug/SwiftMath.build/Objects-normal/arm64/SwiftMath.SwiftConstValuesFileList --force --compile-time-extraction --deployment-aware-processing --validate-assistant-intents --no-app-shortcuts-localization
2025-11-23 10:52:16.214 appintentsmetadataprocessor[83051:1002303] Starting appintentsmetadataprocessor export
2025-11-23 10:52:16.385 appintentsmetadataprocessor[83051:1002303] Extracted no relevant App Intents symbols, skipping writing output

RegisterExecutionPolicyException /Users/karatsidhu/Library/Developer/Xcode/DerivedData/Warden-egfgtvcdgemxbigyyqzfhhhpjiff/Build/Products/Debug/cmark-gfm-extensions.o (in target 'cmark-gfm-extensions' from project 'cmark-gfm')
    cd /Users/karatsidhu/Library/Developer/Xcode/DerivedData/Warden-egfgtvcdgemxbigyyqzfhhhpjiff/SourcePackages/checkouts/swift-cmark
    builtin-RegisterExecutionPolicyException /Users/karatsidhu/Library/Developer/Xcode/DerivedData/Warden-egfgtvcdgemxbigyyqzfhhhpjiff/Build/Products/Debug/cmark-gfm-extensions.o

Ld /Users/karatsidhu/Library/Developer/Xcode/DerivedData/Warden-egfgtvcdgemxbigyyqzfhhhpjiff/Build/Products/Debug/Markdown.o normal (in target 'Markdown' from project 'swift-markdown')
    cd /Users/karatsidhu/Library/Developer/Xcode/DerivedData/Warden-egfgtvcdgemxbigyyqzfhhhpjiff/SourcePackages/checkouts/swift-markdown
    /Applications/Xcode.app/Contents/Developer/Toolchains/XcodeDefault.xctoolchain/usr/bin/clang -Xlinker -reproducible -target arm64-apple-macos10.13 -r -isysroot /Applications/Xcode.app/Contents/Developer/Platforms/MacOSX.platform/Developer/SDKs/MacOSX26.1.sdk -O0 -w -L/Users/karatsidhu/Library/Developer/Xcode/DerivedData/Warden-egfgtvcdgemxbigyyqzfhhhpjiff/Build/Intermediates.noindex/EagerLinkingTBDs/Debug -L/Users/karatsidhu/Library/Developer/Xcode/DerivedData/Warden-egfgtvcdgemxbigyyqzfhhhpjiff/Build/Products/Debug -L/Applications/Xcode.app/Contents/Developer/Platforms/MacOSX.platform/Developer/usr/lib -F/Users/karatsidhu/Library/Developer/Xcode/DerivedData/Warden-egfgtvcdgemxbigyyqzfhhhpjiff/Build/Intermediates.noindex/EagerLinkingTBDs/Debug -F/Users/karatsidhu/Library/Developer/Xcode/DerivedData/Warden-egfgtvcdgemxbigyyqzfhhhpjiff/Build/Products/Debug/PackageFrameworks -F/Users/karatsidhu/Library/Developer/Xcode/DerivedData/Warden-egfgtvcdgemxbigyyqzfhhhpjiff/Build/Products/Debug/PackageFrameworks -F/Users/karatsidhu/Library/Developer/Xcode/DerivedData/Warden-egfgtvcdgemxbigyyqzfhhhpjiff/Build/Products/Debug/PackageFrameworks -F/Users/karatsidhu/Library/Developer/Xcode/DerivedData/Warden-egfgtvcdgemxbigyyqzfhhhpjiff/Build/Products/Debug -iframework /Applications/Xcode.app/Contents/Developer/Platforms/MacOSX.platform/Developer/Library/Frameworks -filelist /Users/karatsidhu/Library/Developer/Xcode/DerivedData/Warden-egfgtvcdgemxbigyyqzfhhhpjiff/Build/Intermediates.noindex/swift-markdown.build/Debug/Markdown.build/Objects-normal/arm64/Markdown.LinkFileList -nostdlib -Xlinker -object_path_lto -Xlinker /Users/karatsidhu/Library/Developer/Xcode/DerivedData/Warden-egfgtvcdgemxbigyyqzfhhhpjiff/Build/Intermediates.noindex/swift-markdown.build/Debug/Markdown.build/Objects-normal/arm64/Markdown_lto.o -rdynamic -Xlinker -no_deduplicate -Xlinker -debug_variant -Xlinker -dependency_info -Xlinker /Users/karatsidhu/Library/Developer/Xcode/DerivedData/Warden-egfgtvcdgemxbigyyqzfhhhpjiff/Build/Intermediates.noindex/swift-markdown.build/Debug/Markdown.build/Objects-normal/arm64/Markdown_dependency_info.dat -fobjc-link-runtime -L/Applications/Xcode.app/Contents/Developer/Toolchains/XcodeDefault.xctoolchain/usr/lib/swift/macosx -L/usr/lib/swift -Xlinker -add_ast_path -Xlinker /Users/karatsidhu/Library/Developer/Xcode/DerivedData/Warden-egfgtvcdgemxbigyyqzfhhhpjiff/Build/Intermediates.noindex/swift-markdown.build/Debug/Markdown.build/Objects-normal/arm64/Markdown.swiftmodule @/Users/karatsidhu/Library/Developer/Xcode/DerivedData/Warden-egfgtvcdgemxbigyyqzfhhhpjiff/Build/Intermediates.noindex/swift-markdown.build/Debug/Markdown.build/Objects-normal/arm64/Markdown-linker-args.resp -o /Users/karatsidhu/Library/Developer/Xcode/DerivedData/Warden-egfgtvcdgemxbigyyqzfhhhpjiff/Build/Products/Debug/Markdown.o

ExtractAppIntentsMetadata (in target 'Markdown' from project 'swift-markdown')
    cd /Users/karatsidhu/Library/Developer/Xcode/DerivedData/Warden-egfgtvcdgemxbigyyqzfhhhpjiff/SourcePackages/checkouts/swift-markdown
    /Applications/Xcode.app/Contents/Developer/Toolchains/XcodeDefault.xctoolchain/usr/bin/appintentsmetadataprocessor --toolchain-dir /Applications/Xcode.app/Contents/Developer/Toolchains/XcodeDefault.xctoolchain --module-name Markdown --sdk-root /Applications/Xcode.app/Contents/Developer/Platforms/MacOSX.platform/Developer/SDKs/MacOSX26.1.sdk --xcode-version 17B100 --platform-family macOS --deployment-target 10.13 --bundle-identifier swift-markdown.Markdown --output /Users/karatsidhu/Library/Developer/Xcode/DerivedData/Warden-egfgtvcdgemxbigyyqzfhhhpjiff/Build/Products/Debug/Markdown.appintents --target-triple arm64-apple-macos10.13 --binary-file /Users/karatsidhu/Library/Developer/Xcode/DerivedData/Warden-egfgtvcdgemxbigyyqzfhhhpjiff/Build/Products/Debug/Markdown.o --dependency-file /Users/karatsidhu/Library/Developer/Xcode/DerivedData/Warden-egfgtvcdgemxbigyyqzfhhhpjiff/Build/Intermediates.noindex/swift-markdown.build/Debug/Markdown.build/Objects-normal/arm64/Markdown_dependency_info.dat --stringsdata-file /Users/karatsidhu/Library/Developer/Xcode/DerivedData/Warden-egfgtvcdgemxbigyyqzfhhhpjiff/Build/Intermediates.noindex/swift-markdown.build/Debug/Markdown.build/Objects-normal/arm64/ExtractedAppShortcutsMetadata.stringsdata --source-file-list /Users/karatsidhu/Library/Developer/Xcode/DerivedData/Warden-egfgtvcdgemxbigyyqzfhhhpjiff/Build/Intermediates.noindex/swift-markdown.build/Debug/Markdown.build/Objects-normal/arm64/Markdown.SwiftFileList --metadata-file-list /Users/karatsidhu/Library/Developer/Xcode/DerivedData/Warden-egfgtvcdgemxbigyyqzfhhhpjiff/Build/Intermediates.noindex/swift-markdown.build/Debug/Markdown.build/Markdown.DependencyMetadataFileList --static-metadata-file-list /Users/karatsidhu/Library/Developer/Xcode/DerivedData/Warden-egfgtvcdgemxbigyyqzfhhhpjiff/Build/Intermediates.noindex/swift-markdown.build/Debug/Markdown.build/Markdown.DependencyStaticMetadataFileList --swift-const-vals-list /Users/karatsidhu/Library/Developer/Xcode/DerivedData/Warden-egfgtvcdgemxbigyyqzfhhhpjiff/Build/Intermediates.noindex/swift-markdown.build/Debug/Markdown.build/Objects-normal/arm64/Markdown.SwiftConstValuesFileList --force --compile-time-extraction --deployment-aware-processing --validate-assistant-intents --no-app-shortcuts-localization
2025-11-23 10:52:16.319 appintentsmetadataprocessor[83054:1002338] Starting appintentsmetadataprocessor export
2025-11-23 10:52:16.484 appintentsmetadataprocessor[83054:1002338] Extracted no relevant App Intents symbols, skipping writing output

RegisterExecutionPolicyException /Users/karatsidhu/Library/Developer/Xcode/DerivedData/Warden-egfgtvcdgemxbigyyqzfhhhpjiff/Build/Products/Debug/AttributedText.o (in target 'AttributedText' from project 'AttributedText')
    cd /Users/karatsidhu/Library/Developer/Xcode/DerivedData/Warden-egfgtvcdgemxbigyyqzfhhhpjiff/SourcePackages/checkouts/AttributedText
    builtin-RegisterExecutionPolicyException /Users/karatsidhu/Library/Developer/Xcode/DerivedData/Warden-egfgtvcdgemxbigyyqzfhhhpjiff/Build/Products/Debug/AttributedText.o

RegisterExecutionPolicyException /Users/karatsidhu/Library/Developer/Xcode/DerivedData/Warden-egfgtvcdgemxbigyyqzfhhhpjiff/Build/Products/Debug/Highlightr.o (in target 'Highlightr' from project 'Highlightr')
    cd /Users/karatsidhu/Library/Developer/Xcode/DerivedData/Warden-egfgtvcdgemxbigyyqzfhhhpjiff/SourcePackages/checkouts/Highlightr
    builtin-RegisterExecutionPolicyException /Users/karatsidhu/Library/Developer/Xcode/DerivedData/Warden-egfgtvcdgemxbigyyqzfhhhpjiff/Build/Products/Debug/Highlightr.o

RegisterExecutionPolicyException /Users/karatsidhu/Library/Developer/Xcode/DerivedData/Warden-egfgtvcdgemxbigyyqzfhhhpjiff/Build/Products/Debug/OmenTextField.o (in target 'OmenTextField' from project 'OmenTextField')
    cd /Users/karatsidhu/Library/Developer/Xcode/DerivedData/Warden-egfgtvcdgemxbigyyqzfhhhpjiff/SourcePackages/checkouts/OmenTextField
    builtin-RegisterExecutionPolicyException /Users/karatsidhu/Library/Developer/Xcode/DerivedData/Warden-egfgtvcdgemxbigyyqzfhhhpjiff/Build/Products/Debug/OmenTextField.o

RegisterExecutionPolicyException /Users/karatsidhu/Library/Developer/Xcode/DerivedData/Warden-egfgtvcdgemxbigyyqzfhhhpjiff/Build/Products/Debug/KeychainAccess.o (in target 'KeychainAccess' from project 'KeychainAccess')
    cd /Users/karatsidhu/Library/Developer/Xcode/DerivedData/Warden-egfgtvcdgemxbigyyqzfhhhpjiff/SourcePackages/checkouts/KeychainAccess
    builtin-RegisterExecutionPolicyException /Users/karatsidhu/Library/Developer/Xcode/DerivedData/Warden-egfgtvcdgemxbigyyqzfhhhpjiff/Build/Products/Debug/KeychainAccess.o

RegisterExecutionPolicyException /Users/karatsidhu/Library/Developer/Xcode/DerivedData/Warden-egfgtvcdgemxbigyyqzfhhhpjiff/Build/Products/Debug/SwiftMath.o (in target 'SwiftMath' from project 'SwiftMath')
    cd /Users/karatsidhu/Library/Developer/Xcode/DerivedData/Warden-egfgtvcdgemxbigyyqzfhhhpjiff/SourcePackages/checkouts/SwiftMath
    builtin-RegisterExecutionPolicyException /Users/karatsidhu/Library/Developer/Xcode/DerivedData/Warden-egfgtvcdgemxbigyyqzfhhhpjiff/Build/Products/Debug/SwiftMath.o

RegisterExecutionPolicyException /Users/karatsidhu/Library/Developer/Xcode/DerivedData/Warden-egfgtvcdgemxbigyyqzfhhhpjiff/Build/Products/Debug/Markdown.o (in target 'Markdown' from project 'swift-markdown')
    cd /Users/karatsidhu/Library/Developer/Xcode/DerivedData/Warden-egfgtvcdgemxbigyyqzfhhhpjiff/SourcePackages/checkouts/swift-markdown
    builtin-RegisterExecutionPolicyException /Users/karatsidhu/Library/Developer/Xcode/DerivedData/Warden-egfgtvcdgemxbigyyqzfhhhpjiff/Build/Products/Debug/Markdown.o

Copy /Users/karatsidhu/Library/Developer/Xcode/DerivedData/Warden-egfgtvcdgemxbigyyqzfhhhpjiff/Build/Products/Debug/Warden.app/Contents/Resources/SwiftMath_SwiftMath.bundle /Users/karatsidhu/Library/Developer/Xcode/DerivedData/Warden-egfgtvcdgemxbigyyqzfhhhpjiff/Build/Products/Debug/SwiftMath_SwiftMath.bundle (in target 'Warden' from project 'Warden')
    cd /Users/karatsidhu/Developer/WardenApp
    builtin-copy -exclude .DS_Store -exclude CVS -exclude .svn -exclude .git -exclude .hg -resolve-src-symlinks /Users/karatsidhu/Library/Developer/Xcode/DerivedData/Warden-egfgtvcdgemxbigyyqzfhhhpjiff/Build/Products/Debug/SwiftMath_SwiftMath.bundle /Users/karatsidhu/Library/Developer/Xcode/DerivedData/Warden-egfgtvcdgemxbigyyqzfhhhpjiff/Build/Products/Debug/Warden.app/Contents/Resources

Copy /Users/karatsidhu/Library/Developer/Xcode/DerivedData/Warden-egfgtvcdgemxbigyyqzfhhhpjiff/Build/Products/Debug/Warden.app/Contents/Resources/Highlightr_Highlightr.bundle /Users/karatsidhu/Library/Developer/Xcode/DerivedData/Warden-egfgtvcdgemxbigyyqzfhhhpjiff/Build/Products/Debug/Highlightr_Highlightr.bundle (in target 'Warden' from project 'Warden')
    cd /Users/karatsidhu/Developer/WardenApp
    builtin-copy -exclude .DS_Store -exclude CVS -exclude .svn -exclude .git -exclude .hg -resolve-src-symlinks /Users/karatsidhu/Library/Developer/Xcode/DerivedData/Warden-egfgtvcdgemxbigyyqzfhhhpjiff/Build/Products/Debug/Highlightr_Highlightr.bundle /Users/karatsidhu/Library/Developer/Xcode/DerivedData/Warden-egfgtvcdgemxbigyyqzfhhhpjiff/Build/Products/Debug/Warden.app/Contents/Resources

Ld /Users/karatsidhu/Library/Developer/Xcode/DerivedData/Warden-egfgtvcdgemxbigyyqzfhhhpjiff/Build/Products/Debug/Warden.app/Contents/MacOS/__preview.dylib normal (in target 'Warden' from project 'Warden')
    cd /Users/karatsidhu/Developer/WardenApp
    /Applications/Xcode.app/Contents/Developer/Toolchains/XcodeDefault.xctoolchain/usr/bin/clang -Xlinker -reproducible -target arm64-apple-macos15.0 -dynamiclib -isysroot /Applications/Xcode.app/Contents/Developer/Platforms/MacOSX.platform/Developer/SDKs/MacOSX26.1.sdk -O0 -L/Users/karatsidhu/Library/Developer/Xcode/DerivedData/Warden-egfgtvcdgemxbigyyqzfhhhpjiff/Build/Products/Debug -F/Users/karatsidhu/Library/Developer/Xcode/DerivedData/Warden-egfgtvcdgemxbigyyqzfhhhpjiff/Build/Products/Debug/PackageFrameworks -F/Users/karatsidhu/Library/Developer/Xcode/DerivedData/Warden-egfgtvcdgemxbigyyqzfhhhpjiff/Build/Products/Debug/PackageFrameworks -F/Users/karatsidhu/Library/Developer/Xcode/DerivedData/Warden-egfgtvcdgemxbigyyqzfhhhpjiff/Build/Products/Debug/PackageFrameworks -F/Users/karatsidhu/Library/Developer/Xcode/DerivedData/Warden-egfgtvcdgemxbigyyqzfhhhpjiff/Build/Products/Debug/PackageFrameworks -F/Users/karatsidhu/Library/Developer/Xcode/DerivedData/Warden-egfgtvcdgemxbigyyqzfhhhpjiff/Build/Products/Debug/PackageFrameworks -F/Users/karatsidhu/Library/Developer/Xcode/DerivedData/Warden-egfgtvcdgemxbigyyqzfhhhpjiff/Build/Products/Debug/PackageFrameworks -F/Users/karatsidhu/Library/Developer/Xcode/DerivedData/Warden-egfgtvcdgemxbigyyqzfhhhpjiff/Build/Products/Debug/PackageFrameworks -F/Users/karatsidhu/Library/Developer/Xcode/DerivedData/Warden-egfgtvcdgemxbigyyqzfhhhpjiff/Build/Products/Debug/PackageFrameworks -F/Users/karatsidhu/Library/Developer/Xcode/DerivedData/Warden-egfgtvcdgemxbigyyqzfhhhpjiff/Build/Products/Debug/PackageFrameworks -F/Users/karatsidhu/Library/Developer/Xcode/DerivedData/Warden-egfgtvcdgemxbigyyqzfhhhpjiff/Build/Products/Debug -install_name @rpath/Warden.debug.dylib -dead_strip -rdynamic -Xlinker -no_deduplicate -Xlinker -debug_variant -Xlinker -dependency_info -Xlinker /Users/karatsidhu/Library/Developer/Xcode/DerivedData/Warden-egfgtvcdgemxbigyyqzfhhhpjiff/Build/Intermediates.noindex/Warden.build/Debug/Warden.build/Objects-normal/arm64/Warden_dependency_info.dat -Xlinker -no_adhoc_codesign -o /Users/karatsidhu/Library/Developer/Xcode/DerivedData/Warden-egfgtvcdgemxbigyyqzfhhhpjiff/Build/Products/Debug/Warden.app/Contents/MacOS/__preview.dylib

ProcessInfoPlistFile /Users/karatsidhu/Library/Developer/Xcode/DerivedData/Warden-egfgtvcdgemxbigyyqzfhhhpjiff/Build/Products/Debug/Warden.app/Contents/Info.plist /Users/karatsidhu/Developer/WardenApp/Warden/Info.plist (in target 'Warden' from project 'Warden')
    cd /Users/karatsidhu/Developer/WardenApp
    builtin-infoPlistUtility /Users/karatsidhu/Developer/WardenApp/Warden/Info.plist -producttype com.apple.product-type.application -genpkginfo /Users/karatsidhu/Library/Developer/Xcode/DerivedData/Warden-egfgtvcdgemxbigyyqzfhhhpjiff/Build/Products/Debug/Warden.app/Contents/PkgInfo -expandbuildsettings -platform macosx -additionalcontentfile /Users/karatsidhu/Library/Developer/Xcode/DerivedData/Warden-egfgtvcdgemxbigyyqzfhhhpjiff/Build/Intermediates.noindex/Warden.build/Debug/Warden.build/assetcatalog_generated_info.plist -scanforprivacyfile /Users/karatsidhu/Library/Developer/Xcode/DerivedData/Warden-egfgtvcdgemxbigyyqzfhhhpjiff/Build/Products/Debug/Warden.app/Contents/Frameworks/Sparkle.framework -scanforprivacyfile /Users/karatsidhu/Library/Developer/Xcode/DerivedData/Warden-egfgtvcdgemxbigyyqzfhhhpjiff/Build/Products/Debug/Warden.app/Contents/Resources/Highlightr_Highlightr.bundle -scanforprivacyfile /Users/karatsidhu/Library/Developer/Xcode/DerivedData/Warden-egfgtvcdgemxbigyyqzfhhhpjiff/Build/Products/Debug/Warden.app/Contents/Resources/SwiftMath_SwiftMath.bundle -o /Users/karatsidhu/Library/Developer/Xcode/DerivedData/Warden-egfgtvcdgemxbigyyqzfhhhpjiff/Build/Products/Debug/Warden.app/Contents/Info.plist

SwiftEmitModule normal arm64 Emitting\ module\ for\ Warden (in target 'Warden' from project 'Warden')

EmitSwiftModule normal arm64 (in target 'Warden' from project 'Warden')
    cd /Users/karatsidhu/Developer/WardenApp
    

SwiftCompile normal arm64 Compiling\ ChatView.swift /Users/karatsidhu/Developer/WardenApp/Warden/UI/Chat/ChatView.swift (in target 'Warden' from project 'Warden')
Failed frontend command:
/Applications/Xcode.app/Contents/Developer/Toolchains/XcodeDefault.xctoolchain/usr/bin/swift-frontend -frontend -c -filelist /Users/karatsidhu/Library/Developer/Xcode/DerivedData/Warden-egfgtvcdgemxbigyyqzfhhhpjiff/Build/Intermediates.noindex/Warden.build/Debug/Warden.build/Objects-normal/arm64/sources-1 -primary-file /Users/karatsidhu/Developer/WardenApp/Warden/UI/Chat/ChatView.swift -emit-dependencies-path /Users/karatsidhu/Library/Developer/Xcode/DerivedData/Warden-egfgtvcdgemxbigyyqzfhhhpjiff/Build/Intermediates.noindex/Warden.build/Debug/Warden.build/Objects-normal/arm64/ChatView.d -emit-const-values-path /Users/karatsidhu/Library/Developer/Xcode/DerivedData/Warden-egfgtvcdgemxbigyyqzfhhhpjiff/Build/Intermediates.noindex/Warden.build/Debug/Warden.build/Objects-normal/arm64/ChatView.swiftconstvalues -emit-reference-dependencies-path /Users/karatsidhu/Library/Developer/Xcode/DerivedData/Warden-egfgtvcdgemxbigyyqzfhhhpjiff/Build/Intermediates.noindex/Warden.build/Debug/Warden.build/Objects-normal/arm64/ChatView.swiftdeps -serialize-diagnostics-path /Users/karatsidhu/Library/Developer/Xcode/DerivedData/Warden-egfgtvcdgemxbigyyqzfhhhpjiff/Build/Intermediates.noindex/Warden.build/Debug/Warden.build/Objects-normal/arm64/ChatView.dia -emit-localized-strings -emit-localized-strings-path /Users/karatsidhu/Library/Developer/Xcode/DerivedData/Warden-egfgtvcdgemxbigyyqzfhhhpjiff/Build/Intermediates.noindex/Warden.build/Debug/Warden.build/Objects-normal/arm64 -target arm64-apple-macos15.0 -module-can-import-version DeveloperToolsSupport 23.0.4 23.0.4 -disable-cross-import-overlay-search -swift-module-cross-import CoreData /Applications/Xcode.app/Contents/Developer/Platforms/MacOSX.platform/Developer/SDKs/MacOSX.sdk/System/Library/Frameworks/CoreData.framework/Modules/CoreData.swiftcrossimport/CloudKit.swiftoverlay -swift-module-cross-import CoreData /Applications/Xcode.app/Contents/Developer/Platforms/MacOSX.platform/Developer/SDKs/MacOSX26.1.sdk/System/Library/Frameworks/CoreData.framework/Modules/CoreData.swiftcrossimport/CloudKit.swiftoverlay -swift-module-cross-import SceneKit /Applications/Xcode.app/Contents/Developer/Platforms/MacOSX.platform/Developer/SDKs/MacOSX.sdk/System/Library/Frameworks/SceneKit.framework/Modules/SceneKit.swiftcrossimport/SwiftUI.swiftoverlay -swift-module-cross-import WebKit /Applications/Xcode.app/Contents/Developer/Platforms/MacOSX.platform/Developer/SDKs/MacOSX.sdk/System/Cryptexes/OS/System/Library/Frameworks/WebKit.framework/Modules/WebKit.swiftcrossimport/SwiftUI.swiftoverlay -swift-module-cross-import WebKit /Applications/Xcode.app/Contents/Developer/Platforms/MacOSX.platform/Developer/SDKs/MacOSX26.1.sdk/System/Library/Frameworks/WebKit.framework/Modules/WebKit.swiftcrossimport/SwiftUI.swiftoverlay -load-resolved-plugin /Applications/Xcode.app/Contents/Developer/Platforms/MacOSX.platform/Developer/usr/lib/swift/host/plugins/libFoundationMacros.dylib\#/Applications/Xcode.app/Contents/Developer/Platforms/MacOSX.platform/Developer/usr/bin/swift-plugin-server\#FoundationMacros -load-resolved-plugin /Applications/Xcode.app/Contents/Developer/Platforms/MacOSX.platform/Developer/usr/lib/swift/host/plugins/libObservationMacros.dylib\#/Applications/Xcode.app/Contents/Developer/Platforms/MacOSX.platform/Developer/usr/bin/swift-plugin-server\#ObservationMacros -load-resolved-plugin /Applications/Xcode.app/Contents/Developer/Platforms/MacOSX.platform/Developer/usr/lib/swift/host/plugins/libPreviewsMacros.dylib\#/Applications/Xcode.app/Contents/Developer/Platforms/MacOSX.platform/Developer/usr/bin/swift-plugin-server\#PreviewsMacros -load-resolved-plugin /Applications/Xcode.app/Contents/Developer/Platforms/MacOSX.platform/Developer/usr/lib/swift/host/plugins/libSwiftMacros.dylib\#/Applications/Xcode.app/Contents/Developer/Platforms/MacOSX.platform/Developer/usr/bin/swift-plugin-server\#SwiftMacros -load-resolved-plugin /Applications/Xcode.app/Contents/Developer/Platforms/MacOSX.platform/Developer/usr/lib/swift/host/plugins/libSwiftUIMacros.dylib\#/Applications/Xcode.app/Contents/Developer/Platforms/MacOSX.platform/Developer/usr/bin/swift-plugin-server\#SwiftUIMacros -disable-implicit-swift-modules -Xcc -fno-implicit-modules -Xcc -fno-implicit-module-maps -explicit-swift-module-map-file /Users/karatsidhu/Library/Developer/Xcode/DerivedData/Warden-egfgtvcdgemxbigyyqzfhhhpjiff/Build/Intermediates.noindex/Warden.build/Debug/Warden.build/Objects-normal/arm64/Warden-dependencies-1.json -Xllvm -aarch64-use-tbi -enable-objc-interop -stack-check -sdk /Applications/Xcode.app/Contents/Developer/Platforms/MacOSX.platform/Developer/SDKs/MacOSX26.1.sdk -I /Users/karatsidhu/Library/Developer/Xcode/DerivedData/Warden-egfgtvcdgemxbigyyqzfhhhpjiff/Build/Products/Debug -F /Users/karatsidhu/Library/Developer/Xcode/DerivedData/Warden-egfgtvcdgemxbigyyqzfhhhpjiff/Build/Products/Debug/PackageFrameworks -F /Users/karatsidhu/Library/Developer/Xcode/DerivedData/Warden-egfgtvcdgemxbigyyqzfhhhpjiff/Build/Products/Debug/PackageFrameworks -F /Users/karatsidhu/Library/Developer/Xcode/DerivedData/Warden-egfgtvcdgemxbigyyqzfhhhpjiff/Build/Products/Debug/PackageFrameworks -F /Users/karatsidhu/Library/Developer/Xcode/DerivedData/Warden-egfgtvcdgemxbigyyqzfhhhpjiff/Build/Products/Debug/PackageFrameworks -F /Users/karatsidhu/Library/Developer/Xcode/DerivedData/Warden-egfgtvcdgemxbigyyqzfhhhpjiff/Build/Products/Debug/PackageFrameworks -F /Users/karatsidhu/Library/Developer/Xcode/DerivedData/Warden-egfgtvcdgemxbigyyqzfhhhpjiff/Build/Products/Debug/PackageFrameworks -F /Users/karatsidhu/Library/Developer/Xcode/DerivedData/Warden-egfgtvcdgemxbigyyqzfhhhpjiff/Build/Products/Debug/PackageFrameworks -F /Users/karatsidhu/Library/Developer/Xcode/DerivedData/Warden-egfgtvcdgemxbigyyqzfhhhpjiff/Build/Products/Debug/PackageFrameworks -F /Users/karatsidhu/Library/Developer/Xcode/DerivedData/Warden-egfgtvcdgemxbigyyqzfhhhpjiff/Build/Products/Debug/PackageFrameworks -F /Users/karatsidhu/Library/Developer/Xcode/DerivedData/Warden-egfgtvcdgemxbigyyqzfhhhpjiff/Build/Products/Debug -no-color-diagnostics -Xcc -fno-color-diagnostics -enable-testing -g -debug-info-format\=dwarf -dwarf-version\=5 -module-cache-path /Users/karatsidhu/Library/Developer/Xcode/DerivedData/Warden-egfgtvcdgemxbigyyqzfhhhpjiff/Build/Intermediates.noindex/SwiftExplicitPrecompiledModules -profile-generate -profile-coverage-mapping -swift-version 5 -enforce-exclusivity\=checked -Onone -D DEBUG -serialize-debugging-options -const-gather-protocols-file /Users/karatsidhu/Library/Developer/Xcode/DerivedData/Warden-egfgtvcdgemxbigyyqzfhhhpjiff/Build/Intermediates.noindex/Warden.build/Debug/Warden.build/Objects-normal/arm64/Warden_const_extract_protocols.json -enable-experimental-feature DebugDescriptionMacro -enable-bare-slash-regex -empty-abi-descriptor -validate-clang-modules-once -clang-build-session-file /Users/karatsidhu/Library/Developer/Xcode/DerivedData/ModuleCache.noindex/Session.modulevalidation -Xcc -working-directory -Xcc /Users/karatsidhu/Developer/WardenApp -enable-anonymous-context-mangled-names -file-compilation-dir /Users/karatsidhu/Developer/WardenApp -Xcc -D_LIBCPP_HARDENING_MODE\=_LIBCPP_HARDENING_MODE_DEBUG -Xcc -ivfsstatcache -Xcc /Users/karatsidhu/Library/Developer/Xcode/DerivedData/SDKStatCaches.noindex/macosx26.1-25B74-3ae1261907bdadc328169391a47051a6.sdkstatcache -Xcc -I/Users/karatsidhu/Library/Developer/Xcode/DerivedData/Warden-egfgtvcdgemxbigyyqzfhhhpjiff/Build/Intermediates.noindex/Warden.build/Debug/Warden.build/swift-overrides.hmap -Xcc -iquote -Xcc /Users/karatsidhu/Library/Developer/Xcode/DerivedData/Warden-egfgtvcdgemxbigyyqzfhhhpjiff/Build/Intermediates.noindex/Warden.build/Debug/Warden.build/Warden-generated-files.hmap -Xcc -I/Users/karatsidhu/Library/Developer/Xcode/DerivedData/Warden-egfgtvcdgemxbigyyqzfhhhpjiff/Build/Intermediates.noindex/Warden.build/Debug/Warden.build/Warden-own-target-headers.hmap -Xcc -I/Users/karatsidhu/Library/Developer/Xcode/DerivedData/Warden-egfgtvcdgemxbigyyqzfhhhpjiff/Build/Intermediates.noindex/Warden.build/Debug/Warden.build/Warden-all-non-framework-target-headers.hmap -Xcc -ivfsoverlay -Xcc /Users/karatsidhu/Library/Developer/Xcode/DerivedData/Warden-egfgtvcdgemxbigyyqzfhhhpjiff/Build/Intermediates.noindex/Warden.build/Debug/Warden-6734d802df34cfc5f15439931c9b84c2-VFS/all-product-headers.yaml -Xcc -iquote -Xcc /Users/karatsidhu/Library/Developer/Xcode/DerivedData/Warden-egfgtvcdgemxbigyyqzfhhhpjiff/Build/Intermediates.noindex/Warden.build/Debug/Warden.build/Warden-project-headers.hmap -Xcc -I/Users/karatsidhu/Library/Developer/Xcode/DerivedData/Warden-egfgtvcdgemxbigyyqzfhhhpjiff/SourcePackages/checkouts/swift-cmark/src/include -Xcc -I/Users/karatsidhu/Library/Developer/Xcode/DerivedData/Warden-egfgtvcdgemxbigyyqzfhhhpjiff/SourcePackages/checkouts/swift-cmark/extensions/include -Xcc -I/Users/karatsidhu/Library/Developer/Xcode/DerivedData/Warden-egfgtvcdgemxbigyyqzfhhhpjiff/SourcePackages/checkouts/swift-markdown/Sources/CAtomic/include -Xcc -I/Users/karatsidhu/Library/Developer/Xcode/DerivedData/Warden-egfgtvcdgemxbigyyqzfhhhpjiff/Build/Products/Debug/include -Xcc -I/Users/karatsidhu/Library/Developer/Xcode/DerivedData/Warden-egfgtvcdgemxbigyyqzfhhhpjiff/Build/Intermediates.noindex/Warden.build/Debug/Warden.build/DerivedSources-normal/arm64 -Xcc -I/Users/karatsidhu/Library/Developer/Xcode/DerivedData/Warden-egfgtvcdgemxbigyyqzfhhhpjiff/Build/Intermediates.noindex/Warden.build/Debug/Warden.build/DerivedSources/arm64 -Xcc -I/Users/karatsidhu/Library/Developer/Xcode/DerivedData/Warden-egfgtvcdgemxbigyyqzfhhhpjiff/Build/Intermediates.noindex/Warden.build/Debug/Warden.build/DerivedSources -Xcc -DDEBUG\=1 -no-auto-bridging-header-chaining -module-name Warden -frontend-parseable-output -disable-clang-spi -target-sdk-version 26.1 -target-sdk-name macosx26.1 -clang-target arm64-apple-macos26.1 -in-process-plugin-server-path /Applications/Xcode.app/Contents/Developer/Toolchains/XcodeDefault.xctoolchain/usr/lib/swift/host/libSwiftInProcPluginServer.dylib -o /Users/karatsidhu/Library/Developer/Xcode/DerivedData/Warden-egfgtvcdgemxbigyyqzfhhhpjiff/Build/Intermediates.noindex/Warden.build/Debug/Warden.build/Objects-normal/arm64/ChatView.o -index-unit-output-path /Warden.build/Debug/Warden.build/Objects-normal/arm64/ChatView.o -index-store-path /Users/karatsidhu/Library/Developer/Xcode/DerivedData/Warden-egfgtvcdgemxbigyyqzfhhhpjiff/Index.noindex/DataStore -index-system-modules

SwiftCompile normal arm64 /Users/karatsidhu/Developer/WardenApp/Warden/UI/Chat/ChatView.swift (in target 'Warden' from project 'Warden')
    cd /Users/karatsidhu/Developer/WardenApp
    
/Users/karatsidhu/Developer/WardenApp/Warden/UI/Chat/ChatView.swift:318:16: error: initializer for conditional binding must have Optional type, not 'UUID'
            if let uuid = chat.id {
               ^          ~~~~~~~

SwiftCompile normal arm64 Compiling\ QuickChatView.swift /Users/karatsidhu/Developer/WardenApp/Warden/UI/Chat/QuickChatView.swift (in target 'Warden' from project 'Warden')

SwiftCompile normal arm64 /Users/karatsidhu/Developer/WardenApp/Warden/UI/Chat/QuickChatView.swift (in target 'Warden' from project 'Warden')
    cd /Users/karatsidhu/Developer/WardenApp
    

warning: Skipping duplicate build file in Compile Sources build phase: /Users/karatsidhu/Developer/WardenApp/Warden/Utilities/ModelMetadataFetcher.swift (in target 'Warden' from project 'Warden')
** BUILD FAILED **


The following build commands failed:
	SwiftCompile normal arm64 Compiling\ ChatView.swift /Users/karatsidhu/Developer/WardenApp/Warden/UI/Chat/ChatView.swift (in target 'Warden' from project 'Warden')
	SwiftCompile normal arm64 /Users/karatsidhu/Developer/WardenApp/Warden/UI/Chat/ChatView.swift (in target 'Warden' from project 'Warden')
	Building project Warden with scheme Warden
(3 failures)
