Command line invocation:
    /Applications/Xcode.app/Contents/Developer/usr/bin/xcodebuild -scheme Warden -destination platform=macOS build

Resolve Package Graph


Resolved source packages:
  Highlightr: https://github.com/raspu/Highlightr @ master (bcf2d05)
  swift-markdown: https://github.com/swiftlang/swift-markdown @ 0.6.0
  OmenTextField: https://github.com/Renset/OmenTextField @ main (4e07709)
  AttributedText: https://github.com/gonzalezreal/AttributedText @ 1.0.1
  Sparkle: https://github.com/sparkle-project/Sparkle @ 2.6.4
  cmark-gfm: https://github.com/swiftlang/swift-cmark.git @ 0.6.0
  SwiftMath: https://github.com/mgriebling/SwiftMath @ 1.7.1
  KeychainAccess: https://github.com/kishikawakatsumi/KeychainAccess @ master (e0c7eeb)

--- xcodebuild: WARNING: Using the first of multiple matching destinations:
{ platform:macOS, arch:arm64, id:00008103-0016395036D1001E, name:My Mac }
{ platform:macOS, arch:x86_64, id:00008103-0016395036D1001E, name:My Mac }
ComputePackagePrebuildTargetDependencyGraph

Prepare packages

CreateBuildRequest

SendProjectDescription

CreateBuildOperation

ComputeTargetDependencyGraph
note: Building targets in dependency order
note: Target dependency graph (21 targets)
    Target 'Warden' in project 'Warden'
        ➜ Explicit dependency on target 'Highlightr' in project 'Highlightr'
        ➜ Explicit dependency on target 'OmenTextField' in project 'OmenTextField'
        ➜ Explicit dependency on target 'KeychainAccess' in project 'KeychainAccess'
        ➜ Explicit dependency on target 'Markdown' in project 'swift-markdown'
        ➜ Explicit dependency on target 'SwiftMath' in project 'SwiftMath'
        ➜ Explicit dependency on target 'Sparkle' in project 'Sparkle'
        ➜ Explicit dependency on target 'AttributedText' in project 'AttributedText'
    Target 'AttributedText' in project 'AttributedText'
        ➜ Explicit dependency on target 'AttributedText' in project 'AttributedText'
    Target 'AttributedText' in project 'AttributedText' (no dependencies)
    Target 'Sparkle' in project 'Sparkle' (no dependencies)
    Target 'SwiftMath' in project 'SwiftMath'
        ➜ Explicit dependency on target 'SwiftMath' in project 'SwiftMath'
        ➜ Explicit dependency on target 'SwiftMath_SwiftMath' in project 'SwiftMath'
    Target 'SwiftMath' in project 'SwiftMath'
        ➜ Explicit dependency on target 'SwiftMath_SwiftMath' in project 'SwiftMath'
    Target 'SwiftMath_SwiftMath' in project 'SwiftMath' (no dependencies)
    Target 'Markdown' in project 'swift-markdown'
        ➜ Explicit dependency on target 'Markdown' in project 'swift-markdown'
        ➜ Explicit dependency on target 'CAtomic' in project 'swift-markdown'
        ➜ Explicit dependency on target 'cmark-gfm' in project 'cmark-gfm'
        ➜ Explicit dependency on target 'cmark-gfm-extensions' in project 'cmark-gfm'
    Target 'Markdown' in project 'swift-markdown'
        ➜ Explicit dependency on target 'CAtomic' in project 'swift-markdown'
        ➜ Explicit dependency on target 'cmark-gfm' in project 'cmark-gfm'
        ➜ Explicit dependency on target 'cmark-gfm-extensions' in project 'cmark-gfm'
    Target 'cmark-gfm-extensions' in project 'cmark-gfm'
        ➜ Explicit dependency on target 'cmark-gfm-extensions' in project 'cmark-gfm'
        ➜ Explicit dependency on target 'cmark-gfm' in project 'cmark-gfm'
    Target 'cmark-gfm-extensions' in project 'cmark-gfm'
        ➜ Explicit dependency on target 'cmark-gfm' in project 'cmark-gfm'
    Target 'cmark-gfm' in project 'cmark-gfm'
        ➜ Explicit dependency on target 'cmark-gfm' in project 'cmark-gfm'
    Target 'cmark-gfm' in project 'cmark-gfm' (no dependencies)
    Target 'CAtomic' in project 'swift-markdown' (no dependencies)
    Target 'KeychainAccess' in project 'KeychainAccess'
        ➜ Explicit dependency on target 'KeychainAccess' in project 'KeychainAccess'
    Target 'KeychainAccess' in project 'KeychainAccess' (no dependencies)
    Target 'OmenTextField' in project 'OmenTextField'
        ➜ Explicit dependency on target 'OmenTextField' in project 'OmenTextField'
    Target 'OmenTextField' in project 'OmenTextField' (no dependencies)
    Target 'Highlightr' in project 'Highlightr'
        ➜ Explicit dependency on target 'Highlightr' in project 'Highlightr'
        ➜ Explicit dependency on target 'Highlightr_Highlightr' in project 'Highlightr'
    Target 'Highlightr' in project 'Highlightr'
        ➜ Explicit dependency on target 'Highlightr_Highlightr' in project 'Highlightr'
    Target 'Highlightr_Highlightr' in project 'Highlightr' (no dependencies)

GatherProvisioningInputs

CreateBuildDescription

ClangStatCache /Applications/Xcode.app/Contents/Developer/Toolchains/XcodeDefault.xctoolchain/usr/bin/clang-stat-cache /Applications/Xcode.app/Contents/Developer/Platforms/MacOSX.platform/Developer/SDKs/MacOSX26.1.sdk /Users/karatsidhu/Library/Developer/Xcode/DerivedData/SDKStatCaches.noindex/macosx26.1-25B74-3ae1261907bdadc328169391a47051a6.sdkstatcache
    cd /Users/karatsidhu/Developer/WardenApp/Warden.xcodeproj
    /Applications/Xcode.app/Contents/Developer/Toolchains/XcodeDefault.xctoolchain/usr/bin/clang-stat-cache /Applications/Xcode.app/Contents/Developer/Platforms/MacOSX.platform/Developer/SDKs/MacOSX26.1.sdk -o /Users/karatsidhu/Library/Developer/Xcode/DerivedData/SDKStatCaches.noindex/macosx26.1-25B74-3ae1261907bdadc328169391a47051a6.sdkstatcache

warning: Skipping duplicate build file in Compile Sources build phase: /Users/karatsidhu/Developer/WardenApp/Warden/Utilities/ModelMetadataFetcher.swift (in target 'Warden' from project 'Warden')
SwiftDriver Warden normal arm64 com.apple.xcode.tools.swift.compiler (in target 'Warden' from project 'Warden')
    cd /Users/karatsidhu/Developer/WardenApp
    builtin-SwiftDriver -- /Applications/Xcode.app/Contents/Developer/Toolchains/XcodeDefault.xctoolchain/usr/bin/swiftc -module-name Warden -Onone -enforce-exclusivity\=checked @/Users/karatsidhu/Library/Developer/Xcode/DerivedData/Warden-egfgtvcdgemxbigyyqzfhhhpjiff/Build/Intermediates.noindex/Warden.build/Debug/Warden.build/Objects-normal/arm64/Warden.SwiftFileList -DDEBUG -enable-bare-slash-regex -enable-experimental-feature DebugDescriptionMacro -sdk /Applications/Xcode.app/Contents/Developer/Platforms/MacOSX.platform/Developer/SDKs/MacOSX26.1.sdk -target arm64-apple-macos15.0 -g -module-cache-path /Users/karatsidhu/Library/Developer/Xcode/DerivedData/ModuleCache.noindex -Xfrontend -serialize-debugging-options -profile-coverage-mapping -profile-generate -enable-testing -index-store-path /Users/karatsidhu/Library/Developer/Xcode/DerivedData/Warden-egfgtvcdgemxbigyyqzfhhhpjiff/Index.noindex/DataStore -Xcc -D_LIBCPP_HARDENING_MODE\=_LIBCPP_HARDENING_MODE_DEBUG -swift-version 5 -I /Users/karatsidhu/Library/Developer/Xcode/DerivedData/Warden-egfgtvcdgemxbigyyqzfhhhpjiff/Build/Products/Debug -F /Users/karatsidhu/Library/Developer/Xcode/DerivedData/Warden-egfgtvcdgemxbigyyqzfhhhpjiff/Build/Products/Debug/PackageFrameworks -F /Users/karatsidhu/Library/Developer/Xcode/DerivedData/Warden-egfgtvcdgemxbigyyqzfhhhpjiff/Build/Products/Debug/PackageFrameworks -F /Users/karatsidhu/Library/Developer/Xcode/DerivedData/Warden-egfgtvcdgemxbigyyqzfhhhpjiff/Build/Products/Debug/PackageFrameworks -F /Users/karatsidhu/Library/Developer/Xcode/DerivedData/Warden-egfgtvcdgemxbigyyqzfhhhpjiff/Build/Products/Debug/PackageFrameworks -F /Users/karatsidhu/Library/Developer/Xcode/DerivedData/Warden-egfgtvcdgemxbigyyqzfhhhpjiff/Build/Products/Debug/PackageFrameworks -F /Users/karatsidhu/Library/Developer/Xcode/DerivedData/Warden-egfgtvcdgemxbigyyqzfhhhpjiff/Build/Products/Debug/PackageFrameworks -F /Users/karatsidhu/Library/Developer/Xcode/DerivedData/Warden-egfgtvcdgemxbigyyqzfhhhpjiff/Build/Products/Debug/PackageFrameworks -F /Users/karatsidhu/Library/Developer/Xcode/DerivedData/Warden-egfgtvcdgemxbigyyqzfhhhpjiff/Build/Products/Debug/PackageFrameworks -F /Users/karatsidhu/Library/Developer/Xcode/DerivedData/Warden-egfgtvcdgemxbigyyqzfhhhpjiff/Build/Products/Debug/PackageFrameworks -F /Users/karatsidhu/Library/Developer/Xcode/DerivedData/Warden-egfgtvcdgemxbigyyqzfhhhpjiff/Build/Products/Debug -emit-localized-strings -emit-localized-strings-path /Users/karatsidhu/Library/Developer/Xcode/DerivedData/Warden-egfgtvcdgemxbigyyqzfhhhpjiff/Build/Intermediates.noindex/Warden.build/Debug/Warden.build/Objects-normal/arm64 -c -j8 -enable-batch-mode -incremental -Xcc -ivfsstatcache -Xcc /Users/karatsidhu/Library/Developer/Xcode/DerivedData/SDKStatCaches.noindex/macosx26.1-25B74-3ae1261907bdadc328169391a47051a6.sdkstatcache -output-file-map /Users/karatsidhu/Library/Developer/Xcode/DerivedData/Warden-egfgtvcdgemxbigyyqzfhhhpjiff/Build/Intermediates.noindex/Warden.build/Debug/Warden.build/Objects-normal/arm64/Warden-OutputFileMap.json -use-frontend-parseable-output -save-temps -no-color-diagnostics -explicit-module-build -module-cache-path /Users/karatsidhu/Library/Developer/Xcode/DerivedData/Warden-egfgtvcdgemxbigyyqzfhhhpjiff/Build/Intermediates.noindex/SwiftExplicitPrecompiledModules -clang-scanner-module-cache-path /Users/karatsidhu/Library/Developer/Xcode/DerivedData/ModuleCache.noindex -sdk-module-cache-path /Users/karatsidhu/Library/Developer/Xcode/DerivedData/ModuleCache.noindex -serialize-diagnostics -emit-dependencies -emit-module -emit-module-path /Users/karatsidhu/Library/Developer/Xcode/DerivedData/Warden-egfgtvcdgemxbigyyqzfhhhpjiff/Build/Intermediates.noindex/Warden.build/Debug/Warden.build/Objects-normal/arm64/Warden.swiftmodule -validate-clang-modules-once -clang-build-session-file /Users/karatsidhu/Library/Developer/Xcode/DerivedData/ModuleCache.noindex/Session.modulevalidation -Xcc -I/Users/karatsidhu/Library/Developer/Xcode/DerivedData/Warden-egfgtvcdgemxbigyyqzfhhhpjiff/Build/Intermediates.noindex/Warden.build/Debug/Warden.build/swift-overrides.hmap -emit-const-values -Xfrontend -const-gather-protocols-file -Xfrontend /Users/karatsidhu/Library/Developer/Xcode/DerivedData/Warden-egfgtvcdgemxbigyyqzfhhhpjiff/Build/Intermediates.noindex/Warden.build/Debug/Warden.build/Objects-normal/arm64/Warden_const_extract_protocols.json -Xcc -iquote -Xcc /Users/karatsidhu/Library/Developer/Xcode/DerivedData/Warden-egfgtvcdgemxbigyyqzfhhhpjiff/Build/Intermediates.noindex/Warden.build/Debug/Warden.build/Warden-generated-files.hmap -Xcc -I/Users/karatsidhu/Library/Developer/Xcode/DerivedData/Warden-egfgtvcdgemxbigyyqzfhhhpjiff/Build/Intermediates.noindex/Warden.build/Debug/Warden.build/Warden-own-target-headers.hmap -Xcc -I/Users/karatsidhu/Library/Developer/Xcode/DerivedData/Warden-egfgtvcdgemxbigyyqzfhhhpjiff/Build/Intermediates.noindex/Warden.build/Debug/Warden.build/Warden-all-non-framework-target-headers.hmap -Xcc -ivfsoverlay -Xcc /Users/karatsidhu/Library/Developer/Xcode/DerivedData/Warden-egfgtvcdgemxbigyyqzfhhhpjiff/Build/Intermediates.noindex/Warden.build/Debug/Warden-6734d802df34cfc5f15439931c9b84c2-VFS/all-product-headers.yaml -Xcc -iquote -Xcc /Users/karatsidhu/Library/Developer/Xcode/DerivedData/Warden-egfgtvcdgemxbigyyqzfhhhpjiff/Build/Intermediates.noindex/Warden.build/Debug/Warden.build/Warden-project-headers.hmap -Xcc -I/Users/karatsidhu/Library/Developer/Xcode/DerivedData/Warden-egfgtvcdgemxbigyyqzfhhhpjiff/SourcePackages/checkouts/swift-cmark/src/include -Xcc -I/Users/karatsidhu/Library/Developer/Xcode/DerivedData/Warden-egfgtvcdgemxbigyyqzfhhhpjiff/SourcePackages/checkouts/swift-cmark/extensions/include -Xcc -I/Users/karatsidhu/Library/Developer/Xcode/DerivedData/Warden-egfgtvcdgemxbigyyqzfhhhpjiff/SourcePackages/checkouts/swift-markdown/Sources/CAtomic/include -Xcc -I/Users/karatsidhu/Library/Developer/Xcode/DerivedData/Warden-egfgtvcdgemxbigyyqzfhhhpjiff/Build/Products/Debug/include -Xcc -I/Users/karatsidhu/Library/Developer/Xcode/DerivedData/Warden-egfgtvcdgemxbigyyqzfhhhpjiff/Build/Intermediates.noindex/Warden.build/Debug/Warden.build/DerivedSources-normal/arm64 -Xcc -I/Users/karatsidhu/Library/Developer/Xcode/DerivedData/Warden-egfgtvcdgemxbigyyqzfhhhpjiff/Build/Intermediates.noindex/Warden.build/Debug/Warden.build/DerivedSources/arm64 -Xcc -I/Users/karatsidhu/Library/Developer/Xcode/DerivedData/Warden-egfgtvcdgemxbigyyqzfhhhpjiff/Build/Intermediates.noindex/Warden.build/Debug/Warden.build/DerivedSources -Xcc -DDEBUG\=1 -emit-objc-header -emit-objc-header-path /Users/karatsidhu/Library/Developer/Xcode/DerivedData/Warden-egfgtvcdgemxbigyyqzfhhhpjiff/Build/Intermediates.noindex/Warden.build/Debug/Warden.build/Objects-normal/arm64/Warden-Swift.h -working-directory /Users/karatsidhu/Developer/WardenApp -experimental-emit-module-separately -disable-cmo

SwiftEmitModule normal arm64 Emitting\ module\ for\ Warden (in target 'Warden' from project 'Warden')

EmitSwiftModule normal arm64 (in target 'Warden' from project 'Warden')
    cd /Users/karatsidhu/Developer/WardenApp
    

SwiftCompile normal arm64 Compiling\ ChatView.swift /Users/karatsidhu/Developer/WardenApp/Warden/UI/Chat/ChatView.swift (in target 'Warden' from project 'Warden')
SwiftCompile normal arm64 /Users/karatsidhu/Developer/WardenApp/Warden/UI/Chat/ChatView.swift (in target 'Warden' from project 'Warden')
    cd /Users/karatsidhu/Developer/WardenApp
    

SwiftCompile normal arm64 Compiling\ QuickChatView.swift /Users/karatsidhu/Developer/WardenApp/Warden/UI/Chat/QuickChatView.swift (in target 'Warden' from project 'Warden')
SwiftCompile normal arm64 /Users/karatsidhu/Developer/WardenApp/Warden/UI/Chat/QuickChatView.swift (in target 'Warden' from project 'Warden')
    cd /Users/karatsidhu/Developer/WardenApp
    
/Users/karatsidhu/Developer/WardenApp/Warden/UI/Chat/QuickChatView.swift:73:21: error: cannot find 'CompactModelSelector' in scope
                    CompactModelSelector(chat: chat)
                    ^~~~~~~~~~~~~~~~~~~~
/Users/karatsidhu/Developer/WardenApp/Warden/UI/Chat/QuickChatView.swift:214:34: warning: immutable value 'chat' was never used; consider replacing with '_' or removing it
        guard !text.isEmpty, let chat = quickChatEntity else { return }
                             ~~~~^~~~
                             _
/Users/karatsidhu/Developer/WardenApp/Warden/UI/Chat/QuickChatView.swift:328:55: warning: forced cast of 'NSFetchRequest<APIServiceEntity>' to same type has no effect
        let request = APIServiceEntity.fetchRequest() as! NSFetchRequest<APIServiceEntity>
                                                      ^~~~~~~~~~~~~~~~~~~~~~~~~~~~~~~~~~~~
                                                      
/Users/karatsidhu/Developer/WardenApp/Warden/UI/Chat/QuickChatView.swift:371:55: warning: forced cast of 'NSFetchRequest<APIServiceEntity>' to same type has no effect
        let request = APIServiceEntity.fetchRequest() as! NSFetchRequest<APIServiceEntity>
                                                      ^~~~~~~~~~~~~~~~~~~~~~~~~~~~~~~~~~~~
                                                      

Failed frontend command:
/Applications/Xcode.app/Contents/Developer/Toolchains/XcodeDefault.xctoolchain/usr/bin/swift-frontend -frontend -c -filelist /Users/karatsidhu/Library/Developer/Xcode/DerivedData/Warden-egfgtvcdgemxbigyyqzfhhhpjiff/Build/Intermediates.noindex/Warden.build/Debug/Warden.build/Objects-normal/arm64/sources-1 -primary-file /Users/karatsidhu/Developer/WardenApp/Warden/UI/Chat/QuickChatView.swift -emit-dependencies-path /Users/karatsidhu/Library/Developer/Xcode/DerivedData/Warden-egfgtvcdgemxbigyyqzfhhhpjiff/Build/Intermediates.noindex/Warden.build/Debug/Warden.build/Objects-normal/arm64/QuickChatView.d -emit-const-values-path /Users/karatsidhu/Library/Developer/Xcode/DerivedData/Warden-egfgtvcdgemxbigyyqzfhhhpjiff/Build/Intermediates.noindex/Warden.build/Debug/Warden.build/Objects-normal/arm64/QuickChatView.swiftconstvalues -emit-reference-dependencies-path /Users/karatsidhu/Library/Developer/Xcode/DerivedData/Warden-egfgtvcdgemxbigyyqzfhhhpjiff/Build/Intermediates.noindex/Warden.build/Debug/Warden.build/Objects-normal/arm64/QuickChatView.swiftdeps -serialize-diagnostics-path /Users/karatsidhu/Library/Developer/Xcode/DerivedData/Warden-egfgtvcdgemxbigyyqzfhhhpjiff/Build/Intermediates.noindex/Warden.build/Debug/Warden.build/Objects-normal/arm64/QuickChatView.dia -emit-localized-strings -emit-localized-strings-path /Users/karatsidhu/Library/Developer/Xcode/DerivedData/Warden-egfgtvcdgemxbigyyqzfhhhpjiff/Build/Intermediates.noindex/Warden.build/Debug/Warden.build/Objects-normal/arm64 -target arm64-apple-macos15.0 -module-can-import-version DeveloperToolsSupport 23.0.4 23.0.4 -disable-cross-import-overlay-search -swift-module-cross-import CoreData /Applications/Xcode.app/Contents/Developer/Platforms/MacOSX.platform/Developer/SDKs/MacOSX.sdk/System/Library/Frameworks/CoreData.framework/Modules/CoreData.swiftcrossimport/CloudKit.swiftoverlay -swift-module-cross-import CoreData /Applications/Xcode.app/Contents/Developer/Platforms/MacOSX.platform/Developer/SDKs/MacOSX26.1.sdk/System/Library/Frameworks/CoreData.framework/Modules/CoreData.swiftcrossimport/CloudKit.swiftoverlay -swift-module-cross-import SceneKit /Applications/Xcode.app/Contents/Developer/Platforms/MacOSX.platform/Developer/SDKs/MacOSX.sdk/System/Library/Frameworks/SceneKit.framework/Modules/SceneKit.swiftcrossimport/SwiftUI.swiftoverlay -swift-module-cross-import WebKit /Applications/Xcode.app/Contents/Developer/Platforms/MacOSX.platform/Developer/SDKs/MacOSX.sdk/System/Cryptexes/OS/System/Library/Frameworks/WebKit.framework/Modules/WebKit.swiftcrossimport/SwiftUI.swiftoverlay -swift-module-cross-import WebKit /Applications/Xcode.app/Contents/Developer/Platforms/MacOSX.platform/Developer/SDKs/MacOSX26.1.sdk/System/Library/Frameworks/WebKit.framework/Modules/WebKit.swiftcrossimport/SwiftUI.swiftoverlay -load-resolved-plugin /Applications/Xcode.app/Contents/Developer/Platforms/MacOSX.platform/Developer/usr/lib/swift/host/plugins/libFoundationMacros.dylib\#/Applications/Xcode.app/Contents/Developer/Platforms/MacOSX.platform/Developer/usr/bin/swift-plugin-server\#FoundationMacros -load-resolved-plugin /Applications/Xcode.app/Contents/Developer/Platforms/MacOSX.platform/Developer/usr/lib/swift/host/plugins/libObservationMacros.dylib\#/Applications/Xcode.app/Contents/Developer/Platforms/MacOSX.platform/Developer/usr/bin/swift-plugin-server\#ObservationMacros -load-resolved-plugin /Applications/Xcode.app/Contents/Developer/Platforms/MacOSX.platform/Developer/usr/lib/swift/host/plugins/libPreviewsMacros.dylib\#/Applications/Xcode.app/Contents/Developer/Platforms/MacOSX.platform/Developer/usr/bin/swift-plugin-server\#PreviewsMacros -load-resolved-plugin /Applications/Xcode.app/Contents/Developer/Platforms/MacOSX.platform/Developer/usr/lib/swift/host/plugins/libSwiftMacros.dylib\#/Applications/Xcode.app/Contents/Developer/Platforms/MacOSX.platform/Developer/usr/bin/swift-plugin-server\#SwiftMacros -load-resolved-plugin /Applications/Xcode.app/Contents/Developer/Platforms/MacOSX.platform/Developer/usr/lib/swift/host/plugins/libSwiftUIMacros.dylib\#/Applications/Xcode.app/Contents/Developer/Platforms/MacOSX.platform/Developer/usr/bin/swift-plugin-server\#SwiftUIMacros -disable-implicit-swift-modules -Xcc -fno-implicit-modules -Xcc -fno-implicit-module-maps -explicit-swift-module-map-file /Users/karatsidhu/Library/Developer/Xcode/DerivedData/Warden-egfgtvcdgemxbigyyqzfhhhpjiff/Build/Intermediates.noindex/Warden.build/Debug/Warden.build/Objects-normal/arm64/Warden-dependencies-1.json -Xllvm -aarch64-use-tbi -enable-objc-interop -stack-check -sdk /Applications/Xcode.app/Contents/Developer/Platforms/MacOSX.platform/Developer/SDKs/MacOSX26.1.sdk -I /Users/karatsidhu/Library/Developer/Xcode/DerivedData/Warden-egfgtvcdgemxbigyyqzfhhhpjiff/Build/Products/Debug -F /Users/karatsidhu/Library/Developer/Xcode/DerivedData/Warden-egfgtvcdgemxbigyyqzfhhhpjiff/Build/Products/Debug/PackageFrameworks -F /Users/karatsidhu/Library/Developer/Xcode/DerivedData/Warden-egfgtvcdgemxbigyyqzfhhhpjiff/Build/Products/Debug/PackageFrameworks -F /Users/karatsidhu/Library/Developer/Xcode/DerivedData/Warden-egfgtvcdgemxbigyyqzfhhhpjiff/Build/Products/Debug/PackageFrameworks -F /Users/karatsidhu/Library/Developer/Xcode/DerivedData/Warden-egfgtvcdgemxbigyyqzfhhhpjiff/Build/Products/Debug/PackageFrameworks -F /Users/karatsidhu/Library/Developer/Xcode/DerivedData/Warden-egfgtvcdgemxbigyyqzfhhhpjiff/Build/Products/Debug/PackageFrameworks -F /Users/karatsidhu/Library/Developer/Xcode/DerivedData/Warden-egfgtvcdgemxbigyyqzfhhhpjiff/Build/Products/Debug/PackageFrameworks -F /Users/karatsidhu/Library/Developer/Xcode/DerivedData/Warden-egfgtvcdgemxbigyyqzfhhhpjiff/Build/Products/Debug/PackageFrameworks -F /Users/karatsidhu/Library/Developer/Xcode/DerivedData/Warden-egfgtvcdgemxbigyyqzfhhhpjiff/Build/Products/Debug/PackageFrameworks -F /Users/karatsidhu/Library/Developer/Xcode/DerivedData/Warden-egfgtvcdgemxbigyyqzfhhhpjiff/Build/Products/Debug/PackageFrameworks -F /Users/karatsidhu/Library/Developer/Xcode/DerivedData/Warden-egfgtvcdgemxbigyyqzfhhhpjiff/Build/Products/Debug -no-color-diagnostics -Xcc -fno-color-diagnostics -enable-testing -g -debug-info-format\=dwarf -dwarf-version\=5 -module-cache-path /Users/karatsidhu/Library/Developer/Xcode/DerivedData/Warden-egfgtvcdgemxbigyyqzfhhhpjiff/Build/Intermediates.noindex/SwiftExplicitPrecompiledModules -profile-generate -profile-coverage-mapping -swift-version 5 -enforce-exclusivity\=checked -Onone -D DEBUG -serialize-debugging-options -const-gather-protocols-file /Users/karatsidhu/Library/Developer/Xcode/DerivedData/Warden-egfgtvcdgemxbigyyqzfhhhpjiff/Build/Intermediates.noindex/Warden.build/Debug/Warden.build/Objects-normal/arm64/Warden_const_extract_protocols.json -enable-experimental-feature DebugDescriptionMacro -enable-bare-slash-regex -empty-abi-descriptor -validate-clang-modules-once -clang-build-session-file /Users/karatsidhu/Library/Developer/Xcode/DerivedData/ModuleCache.noindex/Session.modulevalidation -Xcc -working-directory -Xcc /Users/karatsidhu/Developer/WardenApp -enable-anonymous-context-mangled-names -file-compilation-dir /Users/karatsidhu/Developer/WardenApp -Xcc -D_LIBCPP_HARDENING_MODE\=_LIBCPP_HARDENING_MODE_DEBUG -Xcc -ivfsstatcache -Xcc /Users/karatsidhu/Library/Developer/Xcode/DerivedData/SDKStatCaches.noindex/macosx26.1-25B74-3ae1261907bdadc328169391a47051a6.sdkstatcache -Xcc -I/Users/karatsidhu/Library/Developer/Xcode/DerivedData/Warden-egfgtvcdgemxbigyyqzfhhhpjiff/Build/Intermediates.noindex/Warden.build/Debug/Warden.build/swift-overrides.hmap -Xcc -iquote -Xcc /Users/karatsidhu/Library/Developer/Xcode/DerivedData/Warden-egfgtvcdgemxbigyyqzfhhhpjiff/Build/Intermediates.noindex/Warden.build/Debug/Warden.build/Warden-generated-files.hmap -Xcc -I/Users/karatsidhu/Library/Developer/Xcode/DerivedData/Warden-egfgtvcdgemxbigyyqzfhhhpjiff/Build/Intermediates.noindex/Warden.build/Debug/Warden.build/Warden-own-target-headers.hmap -Xcc -I/Users/karatsidhu/Library/Developer/Xcode/DerivedData/Warden-egfgtvcdgemxbigyyqzfhhhpjiff/Build/Intermediates.noindex/Warden.build/Debug/Warden.build/Warden-all-non-framework-target-headers.hmap -Xcc -ivfsoverlay -Xcc /Users/karatsidhu/Library/Developer/Xcode/DerivedData/Warden-egfgtvcdgemxbigyyqzfhhhpjiff/Build/Intermediates.noindex/Warden.build/Debug/Warden-6734d802df34cfc5f15439931c9b84c2-VFS/all-product-headers.yaml -Xcc -iquote -Xcc /Users/karatsidhu/Library/Developer/Xcode/DerivedData/Warden-egfgtvcdgemxbigyyqzfhhhpjiff/Build/Intermediates.noindex/Warden.build/Debug/Warden.build/Warden-project-headers.hmap -Xcc -I/Users/karatsidhu/Library/Developer/Xcode/DerivedData/Warden-egfgtvcdgemxbigyyqzfhhhpjiff/SourcePackages/checkouts/swift-cmark/src/include -Xcc -I/Users/karatsidhu/Library/Developer/Xcode/DerivedData/Warden-egfgtvcdgemxbigyyqzfhhhpjiff/SourcePackages/checkouts/swift-cmark/extensions/include -Xcc -I/Users/karatsidhu/Library/Developer/Xcode/DerivedData/Warden-egfgtvcdgemxbigyyqzfhhhpjiff/SourcePackages/checkouts/swift-markdown/Sources/CAtomic/include -Xcc -I/Users/karatsidhu/Library/Developer/Xcode/DerivedData/Warden-egfgtvcdgemxbigyyqzfhhhpjiff/Build/Products/Debug/include -Xcc -I/Users/karatsidhu/Library/Developer/Xcode/DerivedData/Warden-egfgtvcdgemxbigyyqzfhhhpjiff/Build/Intermediates.noindex/Warden.build/Debug/Warden.build/DerivedSources-normal/arm64 -Xcc -I/Users/karatsidhu/Library/Developer/Xcode/DerivedData/Warden-egfgtvcdgemxbigyyqzfhhhpjiff/Build/Intermediates.noindex/Warden.build/Debug/Warden.build/DerivedSources/arm64 -Xcc -I/Users/karatsidhu/Library/Developer/Xcode/DerivedData/Warden-egfgtvcdgemxbigyyqzfhhhpjiff/Build/Intermediates.noindex/Warden.build/Debug/Warden.build/DerivedSources -Xcc -DDEBUG\=1 -no-auto-bridging-header-chaining -module-name Warden -frontend-parseable-output -disable-clang-spi -target-sdk-version 26.1 -target-sdk-name macosx26.1 -clang-target arm64-apple-macos26.1 -in-process-plugin-server-path /Applications/Xcode.app/Contents/Developer/Toolchains/XcodeDefault.xctoolchain/usr/lib/swift/host/libSwiftInProcPluginServer.dylib -o /Users/karatsidhu/Library/Developer/Xcode/DerivedData/Warden-egfgtvcdgemxbigyyqzfhhhpjiff/Build/Intermediates.noindex/Warden.build/Debug/Warden.build/Objects-normal/arm64/QuickChatView.o -index-unit-output-path /Warden.build/Debug/Warden.build/Objects-normal/arm64/QuickChatView.o -index-store-path /Users/karatsidhu/Library/Developer/Xcode/DerivedData/Warden-egfgtvcdgemxbigyyqzfhhhpjiff/Index.noindex/DataStore -index-system-modules
SwiftDriverJobDiscovery normal arm64 Emitting module for Warden (in target 'Warden' from project 'Warden')

SwiftDriver\ Compilation\ Requirements Warden normal arm64 com.apple.xcode.tools.swift.compiler (in target 'Warden' from project 'Warden')
    cd /Users/karatsidhu/Developer/WardenApp
    builtin-Swift-Compilation-Requirements -- /Applications/Xcode.app/Contents/Developer/Toolchains/XcodeDefault.xctoolchain/usr/bin/swiftc -module-name Warden -Onone -enforce-exclusivity\=checked @/Users/karatsidhu/Library/Developer/Xcode/DerivedData/Warden-egfgtvcdgemxbigyyqzfhhhpjiff/Build/Intermediates.noindex/Warden.build/Debug/Warden.build/Objects-normal/arm64/Warden.SwiftFileList -DDEBUG -enable-bare-slash-regex -enable-experimental-feature DebugDescriptionMacro -sdk /Applications/Xcode.app/Contents/Developer/Platforms/MacOSX.platform/Developer/SDKs/MacOSX26.1.sdk -target arm64-apple-macos15.0 -g -module-cache-path /Users/karatsidhu/Library/Developer/Xcode/DerivedData/ModuleCache.noindex -Xfrontend -serialize-debugging-options -profile-coverage-mapping -profile-generate -enable-testing -index-store-path /Users/karatsidhu/Library/Developer/Xcode/DerivedData/Warden-egfgtvcdgemxbigyyqzfhhhpjiff/Index.noindex/DataStore -Xcc -D_LIBCPP_HARDENING_MODE\=_LIBCPP_HARDENING_MODE_DEBUG -swift-version 5 -I /Users/karatsidhu/Library/Developer/Xcode/DerivedData/Warden-egfgtvcdgemxbigyyqzfhhhpjiff/Build/Products/Debug -F /Users/karatsidhu/Library/Developer/Xcode/DerivedData/Warden-egfgtvcdgemxbigyyqzfhhhpjiff/Build/Products/Debug/PackageFrameworks -F /Users/karatsidhu/Library/Developer/Xcode/DerivedData/Warden-egfgtvcdgemxbigyyqzfhhhpjiff/Build/Products/Debug/PackageFrameworks -F /Users/karatsidhu/Library/Developer/Xcode/DerivedData/Warden-egfgtvcdgemxbigyyqzfhhhpjiff/Build/Products/Debug/PackageFrameworks -F /Users/karatsidhu/Library/Developer/Xcode/DerivedData/Warden-egfgtvcdgemxbigyyqzfhhhpjiff/Build/Products/Debug/PackageFrameworks -F /Users/karatsidhu/Library/Developer/Xcode/DerivedData/Warden-egfgtvcdgemxbigyyqzfhhhpjiff/Build/Products/Debug/PackageFrameworks -F /Users/karatsidhu/Library/Developer/Xcode/DerivedData/Warden-egfgtvcdgemxbigyyqzfhhhpjiff/Build/Products/Debug/PackageFrameworks -F /Users/karatsidhu/Library/Developer/Xcode/DerivedData/Warden-egfgtvcdgemxbigyyqzfhhhpjiff/Build/Products/Debug/PackageFrameworks -F /Users/karatsidhu/Library/Developer/Xcode/DerivedData/Warden-egfgtvcdgemxbigyyqzfhhhpjiff/Build/Products/Debug/PackageFrameworks -F /Users/karatsidhu/Library/Developer/Xcode/DerivedData/Warden-egfgtvcdgemxbigyyqzfhhhpjiff/Build/Products/Debug/PackageFrameworks -F /Users/karatsidhu/Library/Developer/Xcode/DerivedData/Warden-egfgtvcdgemxbigyyqzfhhhpjiff/Build/Products/Debug -emit-localized-strings -emit-localized-strings-path /Users/karatsidhu/Library/Developer/Xcode/DerivedData/Warden-egfgtvcdgemxbigyyqzfhhhpjiff/Build/Intermediates.noindex/Warden.build/Debug/Warden.build/Objects-normal/arm64 -c -j8 -enable-batch-mode -incremental -Xcc -ivfsstatcache -Xcc /Users/karatsidhu/Library/Developer/Xcode/DerivedData/SDKStatCaches.noindex/macosx26.1-25B74-3ae1261907bdadc328169391a47051a6.sdkstatcache -output-file-map /Users/karatsidhu/Library/Developer/Xcode/DerivedData/Warden-egfgtvcdgemxbigyyqzfhhhpjiff/Build/Intermediates.noindex/Warden.build/Debug/Warden.build/Objects-normal/arm64/Warden-OutputFileMap.json -use-frontend-parseable-output -save-temps -no-color-diagnostics -explicit-module-build -module-cache-path /Users/karatsidhu/Library/Developer/Xcode/DerivedData/Warden-egfgtvcdgemxbigyyqzfhhhpjiff/Build/Intermediates.noindex/SwiftExplicitPrecompiledModules -clang-scanner-module-cache-path /Users/karatsidhu/Library/Developer/Xcode/DerivedData/ModuleCache.noindex -sdk-module-cache-path /Users/karatsidhu/Library/Developer/Xcode/DerivedData/ModuleCache.noindex -serialize-diagnostics -emit-dependencies -emit-module -emit-module-path /Users/karatsidhu/Library/Developer/Xcode/DerivedData/Warden-egfgtvcdgemxbigyyqzfhhhpjiff/Build/Intermediates.noindex/Warden.build/Debug/Warden.build/Objects-normal/arm64/Warden.swiftmodule -validate-clang-modules-once -clang-build-session-file /Users/karatsidhu/Library/Developer/Xcode/DerivedData/ModuleCache.noindex/Session.modulevalidation -Xcc -I/Users/karatsidhu/Library/Developer/Xcode/DerivedData/Warden-egfgtvcdgemxbigyyqzfhhhpjiff/Build/Intermediates.noindex/Warden.build/Debug/Warden.build/swift-overrides.hmap -emit-const-values -Xfrontend -const-gather-protocols-file -Xfrontend /Users/karatsidhu/Library/Developer/Xcode/DerivedData/Warden-egfgtvcdgemxbigyyqzfhhhpjiff/Build/Intermediates.noindex/Warden.build/Debug/Warden.build/Objects-normal/arm64/Warden_const_extract_protocols.json -Xcc -iquote -Xcc /Users/karatsidhu/Library/Developer/Xcode/DerivedData/Warden-egfgtvcdgemxbigyyqzfhhhpjiff/Build/Intermediates.noindex/Warden.build/Debug/Warden.build/Warden-generated-files.hmap -Xcc -I/Users/karatsidhu/Library/Developer/Xcode/DerivedData/Warden-egfgtvcdgemxbigyyqzfhhhpjiff/Build/Intermediates.noindex/Warden.build/Debug/Warden.build/Warden-own-target-headers.hmap -Xcc -I/Users/karatsidhu/Library/Developer/Xcode/DerivedData/Warden-egfgtvcdgemxbigyyqzfhhhpjiff/Build/Intermediates.noindex/Warden.build/Debug/Warden.build/Warden-all-non-framework-target-headers.hmap -Xcc -ivfsoverlay -Xcc /Users/karatsidhu/Library/Developer/Xcode/DerivedData/Warden-egfgtvcdgemxbigyyqzfhhhpjiff/Build/Intermediates.noindex/Warden.build/Debug/Warden-6734d802df34cfc5f15439931c9b84c2-VFS/all-product-headers.yaml -Xcc -iquote -Xcc /Users/karatsidhu/Library/Developer/Xcode/DerivedData/Warden-egfgtvcdgemxbigyyqzfhhhpjiff/Build/Intermediates.noindex/Warden.build/Debug/Warden.build/Warden-project-headers.hmap -Xcc -I/Users/karatsidhu/Library/Developer/Xcode/DerivedData/Warden-egfgtvcdgemxbigyyqzfhhhpjiff/SourcePackages/checkouts/swift-cmark/src/include -Xcc -I/Users/karatsidhu/Library/Developer/Xcode/DerivedData/Warden-egfgtvcdgemxbigyyqzfhhhpjiff/SourcePackages/checkouts/swift-cmark/extensions/include -Xcc -I/Users/karatsidhu/Library/Developer/Xcode/DerivedData/Warden-egfgtvcdgemxbigyyqzfhhhpjiff/SourcePackages/checkouts/swift-markdown/Sources/CAtomic/include -Xcc -I/Users/karatsidhu/Library/Developer/Xcode/DerivedData/Warden-egfgtvcdgemxbigyyqzfhhhpjiff/Build/Products/Debug/include -Xcc -I/Users/karatsidhu/Library/Developer/Xcode/DerivedData/Warden-egfgtvcdgemxbigyyqzfhhhpjiff/Build/Intermediates.noindex/Warden.build/Debug/Warden.build/DerivedSources-normal/arm64 -Xcc -I/Users/karatsidhu/Library/Developer/Xcode/DerivedData/Warden-egfgtvcdgemxbigyyqzfhhhpjiff/Build/Intermediates.noindex/Warden.build/Debug/Warden.build/DerivedSources/arm64 -Xcc -I/Users/karatsidhu/Library/Developer/Xcode/DerivedData/Warden-egfgtvcdgemxbigyyqzfhhhpjiff/Build/Intermediates.noindex/Warden.build/Debug/Warden.build/DerivedSources -Xcc -DDEBUG\=1 -emit-objc-header -emit-objc-header-path /Users/karatsidhu/Library/Developer/Xcode/DerivedData/Warden-egfgtvcdgemxbigyyqzfhhhpjiff/Build/Intermediates.noindex/Warden.build/Debug/Warden.build/Objects-normal/arm64/Warden-Swift.h -working-directory /Users/karatsidhu/Developer/WardenApp -experimental-emit-module-separately -disable-cmo

Copy /Users/karatsidhu/Library/Developer/Xcode/DerivedData/Warden-egfgtvcdgemxbigyyqzfhhhpjiff/Build/Products/Debug/Warden.swiftmodule/Project/arm64-apple-macos.swiftsourceinfo /Users/karatsidhu/Library/Developer/Xcode/DerivedData/Warden-egfgtvcdgemxbigyyqzfhhhpjiff/Build/Intermediates.noindex/Warden.build/Debug/Warden.build/Objects-normal/arm64/Warden.swiftsourceinfo (in target 'Warden' from project 'Warden')
    cd /Users/karatsidhu/Developer/WardenApp
    builtin-copy -exclude .DS_Store -exclude CVS -exclude .svn -exclude .git -exclude .hg -resolve-src-symlinks -rename /Users/karatsidhu/Library/Developer/Xcode/DerivedData/Warden-egfgtvcdgemxbigyyqzfhhhpjiff/Build/Intermediates.noindex/Warden.build/Debug/Warden.build/Objects-normal/arm64/Warden.swiftsourceinfo /Users/karatsidhu/Library/Developer/Xcode/DerivedData/Warden-egfgtvcdgemxbigyyqzfhhhpjiff/Build/Products/Debug/Warden.swiftmodule/Project/arm64-apple-macos.swiftsourceinfo

Copy /Users/karatsidhu/Library/Developer/Xcode/DerivedData/Warden-egfgtvcdgemxbigyyqzfhhhpjiff/Build/Products/Debug/Warden.swiftmodule/arm64-apple-macos.abi.json /Users/karatsidhu/Library/Developer/Xcode/DerivedData/Warden-egfgtvcdgemxbigyyqzfhhhpjiff/Build/Intermediates.noindex/Warden.build/Debug/Warden.build/Objects-normal/arm64/Warden.abi.json (in target 'Warden' from project 'Warden')
    cd /Users/karatsidhu/Developer/WardenApp
    builtin-copy -exclude .DS_Store -exclude CVS -exclude .svn -exclude .git -exclude .hg -resolve-src-symlinks -rename /Users/karatsidhu/Library/Developer/Xcode/DerivedData/Warden-egfgtvcdgemxbigyyqzfhhhpjiff/Build/Intermediates.noindex/Warden.build/Debug/Warden.build/Objects-normal/arm64/Warden.abi.json /Users/karatsidhu/Library/Developer/Xcode/DerivedData/Warden-egfgtvcdgemxbigyyqzfhhhpjiff/Build/Products/Debug/Warden.swiftmodule/arm64-apple-macos.abi.json

SwiftDriverJobDiscovery normal arm64 Compiling ChatView.swift (in target 'Warden' from project 'Warden')

** BUILD FAILED **


The following build commands failed:
	SwiftCompile normal arm64 /Users/karatsidhu/Developer/WardenApp/Warden/UI/Chat/QuickChatView.swift (in target 'Warden' from project 'Warden')
	SwiftCompile normal arm64 Compiling\ QuickChatView.swift /Users/karatsidhu/Developer/WardenApp/Warden/UI/Chat/QuickChatView.swift (in target 'Warden' from project 'Warden')
	Building project Warden with scheme Warden
(3 failures)
